Using pre-set license
Built from '2020.3/release' branch; Version is '2020.3.7f1 (dd97f2c94397) revision 14522354'; Using compiler version '192528614'; Build Type 'Release'
OS: 'Windows 10 Home; OS build 18363.1556; Version 1909; 64bit' Language: 'en' Physical Memory: 12285 MB
BatchMode: 1, IsHumanControllingUs: 0, StartBugReporterOnCrash: 0, Is64bit: 1, IsPro: 0

 COMMAND LINE ARGUMENTS:
C:\Program Files\Unity\Hub\Editor\2020.3.7f1\Editor\Unity.exe
-adb2
-batchMode
-noUpm
-name
AssetImportWorker0
-projectPath
C:/Users/ignat/Documents/UnityProjects/ICS_RandomAdventure
-logFile
Logs/AssetImportWorker0.log
-srvPort
49306
Successfully changed project path to: C:/Users/ignat/Documents/UnityProjects/ICS_RandomAdventure
C:/Users/ignat/Documents/UnityProjects/ICS_RandomAdventure
Using Asset Import Pipeline V2.
Refreshing native plugins compatible for Editor in 88.11 ms, found 0 plugins.
Preloading 0 native plugins for Editor in 0.00 ms.
Initialize engine version: 2020.3.7f1 (dd97f2c94397)
[Subsystems] Discovering subsystems at path C:/Program Files/Unity/Hub/Editor/2020.3.7f1/Editor/Data/Resources/UnitySubsystems
[Subsystems] Discovering subsystems at path C:/Users/ignat/Documents/UnityProjects/ICS_RandomAdventure/Assets
GfxDevice: creating device client; threaded=0
Direct3D:
    Version:  Direct3D 11.0 [level 11.0]
    Renderer: NVIDIA Quadro 4000 (ID=0x6dd)
    Vendor:   
    VRAM:     1999 MB
    Driver:   21.21.13.7783
Initialize mono
Mono path[0] = 'C:/Program Files/Unity/Hub/Editor/2020.3.7f1/Editor/Data/Managed'
Mono path[1] = 'C:/Program Files/Unity/Hub/Editor/2020.3.7f1/Editor/Data/MonoBleedingEdge/lib/mono/unityjit'
Mono config path = 'C:/Program Files/Unity/Hub/Editor/2020.3.7f1/Editor/Data/MonoBleedingEdge/etc'
Using monoOptions --debugger-agent=transport=dt_socket,embedding=1,server=y,suspend=n,address=127.0.0.1:56972
Begin MonoManager ReloadAssembly
Registering precompiled unity dll's ...
Register platform support module: C:/Program Files/Unity/Hub/Editor/2020.3.7f1/Editor/Data/PlaybackEngines/WebGLSupport/UnityEditor.WebGL.Extensions.dll
Register platform support module: C:/Program Files/Unity/Hub/Editor/2020.3.7f1/Editor/Data/PlaybackEngines/WindowsStandaloneSupport/UnityEditor.WindowsStandalone.Extensions.dll
Registered in 0.006498 seconds.
Native extension for WindowsStandalone target not found
Native extension for WebGL target not found
Refreshing native plugins compatible for Editor in 61.95 ms, found 0 plugins.
Preloading 0 native plugins for Editor in 0.00 ms.
Mono: successfully reloaded assembly
- Completed reload, in  3.129 seconds
Platform modules already initialized, skipping
Registering precompiled user dll's ...
Registered in 0.002038 seconds.
Begin MonoManager ReloadAssembly
Native extension for WindowsStandalone target not found
Native extension for WebGL target not found
Refreshing native plugins compatible for Editor in 0.84 ms, found 0 plugins.
Preloading 0 native plugins for Editor in 0.00 ms.
Mono: successfully reloaded assembly
- Completed reload, in  2.123 seconds
Platform modules already initialized, skipping
========================================================================
Worker process is ready to serve import requests
Launched and connected shader compiler UnityShaderCompiler.exe after 0.23 seconds
Refreshing native plugins compatible for Editor in 0.67 ms, found 0 plugins.
Preloading 0 native plugins for Editor in 0.00 ms.
Unloading 1122 Unused Serialized files (Serialized files now loaded: 0)
System memory in use before: 57.2 MB.
System memory in use after: 57.2 MB.

Unloading 9 unused Assets to reduce memory usage. Loaded Objects now: 1565.
Total: 4.454900 ms (FindLiveObjects: 0.496700 ms CreateObjectMapping: 0.102200 ms MarkObjects: 3.636100 ms  DeleteObjects: 0.215200 ms)

========================================================================
Received Import Request.
  path: Assets/AIScripts/Attributes
  artifactKey: Guid(b397c0301b7607542bcc4c2664665c8d) Importer(815301076,1909f56bfc062723c751e8b465ee728b)
Start importing Assets/AIScripts/Attributes using Guid(b397c0301b7607542bcc4c2664665c8d) Importer(815301076,1909f56bfc062723c751e8b465ee728b)  -> (artifact id: 'd491fd775463f2c41af093a153728b10') in 0.039030 seconds
  Import took 0.043742 seconds .

========================================================================
Received Prepare
Registering precompiled user dll's ...
Registered in 0.002322 seconds.
Begin MonoManager ReloadAssembly
Native extension for WindowsStandalone target not found
Native extension for WebGL target not found
Refreshing native plugins compatible for Editor in 0.60 ms, found 0 plugins.
Preloading 0 native plugins for Editor in 0.00 ms.
Mono: successfully reloaded assembly
- Completed reload, in  2.422 seconds
Platform modules already initialized, skipping
Refreshing native plugins compatible for Editor in 0.61 ms, found 0 plugins.
Preloading 0 native plugins for Editor in 0.00 ms.
Unloading 1117 Unused Serialized files (Serialized files now loaded: 0)
System memory in use before: 57.1 MB.
System memory in use after: 57.2 MB.

Unloading 4 unused Assets to reduce memory usage. Loaded Objects now: 1568.
Total: 4.158700 ms (FindLiveObjects: 0.469000 ms CreateObjectMapping: 0.095300 ms MarkObjects: 3.548100 ms  DeleteObjects: 0.043500 ms)

========================================================================
Received Prepare
Registering precompiled user dll's ...
Registered in 0.003255 seconds.
Begin MonoManager ReloadAssembly
Native extension for WindowsStandalone target not found
Native extension for WebGL target not found
Refreshing native plugins compatible for Editor in 0.59 ms, found 0 plugins.
Preloading 0 native plugins for Editor in 0.00 ms.
Mono: successfully reloaded assembly
- Completed reload, in  2.246 seconds
Platform modules already initialized, skipping
Refreshing native plugins compatible for Editor in 0.59 ms, found 0 plugins.
Preloading 0 native plugins for Editor in 0.00 ms.
Unloading 1119 Unused Serialized files (Serialized files now loaded: 0)
System memory in use before: 57.2 MB.
System memory in use after: 57.3 MB.

Unloading 4 unused Assets to reduce memory usage. Loaded Objects now: 1573.
Total: 3.791500 ms (FindLiveObjects: 0.504200 ms CreateObjectMapping: 0.105500 ms MarkObjects: 3.141700 ms  DeleteObjects: 0.036000 ms)

========================================================================
Received Prepare
Registering precompiled user dll's ...
Registered in 0.002213 seconds.
Begin MonoManager ReloadAssembly
Native extension for WindowsStandalone target not found
Native extension for WebGL target not found
Refreshing native plugins compatible for Editor in 0.63 ms, found 0 plugins.
Preloading 0 native plugins for Editor in 0.00 ms.
Mono: successfully reloaded assembly
- Completed reload, in  3.645 seconds
Platform modules already initialized, skipping
Refreshing native plugins compatible for Editor in 0.66 ms, found 0 plugins.
Preloading 0 native plugins for Editor in 0.00 ms.
Unloading 1120 Unused Serialized files (Serialized files now loaded: 0)
System memory in use before: 57.2 MB.
System memory in use after: 57.3 MB.

Unloading 4 unused Assets to reduce memory usage. Loaded Objects now: 1577.
Total: 7.355600 ms (FindLiveObjects: 4.067700 ms CreateObjectMapping: 0.170200 ms MarkObjects: 3.057300 ms  DeleteObjects: 0.057500 ms)

========================================================================
Received Prepare
Registering precompiled user dll's ...
Registered in 0.001888 seconds.
Begin MonoManager ReloadAssembly
Native extension for WindowsStandalone target not found
Native extension for WebGL target not found
Refreshing native plugins compatible for Editor in 0.61 ms, found 0 plugins.
Preloading 0 native plugins for Editor in 0.00 ms.
Mono: successfully reloaded assembly
- Completed reload, in  2.146 seconds
Platform modules already initialized, skipping
Refreshing native plugins compatible for Editor in 0.60 ms, found 0 plugins.
Preloading 0 native plugins for Editor in 0.00 ms.
Unloading 1120 Unused Serialized files (Serialized files now loaded: 0)
System memory in use before: 57.2 MB.
System memory in use after: 57.3 MB.

Unloading 4 unused Assets to reduce memory usage. Loaded Objects now: 1580.
Total: 3.673400 ms (FindLiveObjects: 0.458200 ms CreateObjectMapping: 0.085400 ms MarkObjects: 3.091700 ms  DeleteObjects: 0.035700 ms)

========================================================================
Received Prepare
Registering precompiled user dll's ...
Registered in 0.001946 seconds.
Begin MonoManager ReloadAssembly
Native extension for WindowsStandalone target not found
Native extension for WebGL target not found
Refreshing native plugins compatible for Editor in 0.63 ms, found 0 plugins.
Preloading 0 native plugins for Editor in 0.00 ms.
Mono: successfully reloaded assembly
- Completed reload, in  1.927 seconds
Platform modules already initialized, skipping
Refreshing native plugins compatible for Editor in 0.59 ms, found 0 plugins.
Preloading 0 native plugins for Editor in 0.00 ms.
Unloading 1120 Unused Serialized files (Serialized files now loaded: 0)
System memory in use before: 57.2 MB.
System memory in use after: 57.3 MB.

Unloading 4 unused Assets to reduce memory usage. Loaded Objects now: 1583.
Total: 3.596400 ms (FindLiveObjects: 0.612800 ms CreateObjectMapping: 0.106100 ms MarkObjects: 2.843600 ms  DeleteObjects: 0.031300 ms)

========================================================================
Received Prepare
Registering precompiled user dll's ...
Registered in 0.001946 seconds.
Begin MonoManager ReloadAssembly
Native extension for WindowsStandalone target not found
Native extension for WebGL target not found
Refreshing native plugins compatible for Editor in 0.71 ms, found 0 plugins.
Preloading 0 native plugins for Editor in 0.00 ms.
Mono: successfully reloaded assembly
- Completed reload, in  2.367 seconds
Platform modules already initialized, skipping
Refreshing native plugins compatible for Editor in 0.63 ms, found 0 plugins.
Preloading 0 native plugins for Editor in 0.00 ms.
Unloading 1120 Unused Serialized files (Serialized files now loaded: 0)
System memory in use before: 57.2 MB.
System memory in use after: 57.3 MB.

Unloading 4 unused Assets to reduce memory usage. Loaded Objects now: 1586.
Total: 17.802000 ms (FindLiveObjects: 1.052200 ms CreateObjectMapping: 0.260600 ms MarkObjects: 16.387500 ms  DeleteObjects: 0.096800 ms)

========================================================================
Received Prepare
Registering precompiled user dll's ...
Registered in 0.001935 seconds.
Begin MonoManager ReloadAssembly
Native extension for WindowsStandalone target not found
Native extension for WebGL target not found
Refreshing native plugins compatible for Editor in 0.66 ms, found 0 plugins.
Preloading 0 native plugins for Editor in 0.00 ms.
Mono: successfully reloaded assembly
- Completed reload, in  2.151 seconds
Platform modules already initialized, skipping
Refreshing native plugins compatible for Editor in 0.80 ms, found 0 plugins.
Preloading 0 native plugins for Editor in 0.00 ms.
Unloading 1120 Unused Serialized files (Serialized files now loaded: 0)
System memory in use before: 57.2 MB.
System memory in use after: 57.3 MB.

Unloading 4 unused Assets to reduce memory usage. Loaded Objects now: 1590.
Total: 3.569500 ms (FindLiveObjects: 0.637900 ms CreateObjectMapping: 0.086900 ms MarkObjects: 2.807400 ms  DeleteObjects: 0.034300 ms)

========================================================================
Received Prepare
Registering precompiled user dll's ...
Registered in 0.001918 seconds.
Begin MonoManager ReloadAssembly
Native extension for WindowsStandalone target not found
Native extension for WebGL target not found
Refreshing native plugins compatible for Editor in 0.58 ms, found 0 plugins.
Preloading 0 native plugins for Editor in 0.00 ms.
Mono: successfully reloaded assembly
- Completed reload, in  1.940 seconds
Platform modules already initialized, skipping
Refreshing native plugins compatible for Editor in 0.61 ms, found 0 plugins.
Preloading 0 native plugins for Editor in 0.00 ms.
Unloading 1120 Unused Serialized files (Serialized files now loaded: 0)
System memory in use before: 57.2 MB.
System memory in use after: 57.3 MB.

Unloading 4 unused Assets to reduce memory usage. Loaded Objects now: 1593.
Total: 3.638800 ms (FindLiveObjects: 0.439100 ms CreateObjectMapping: 0.093300 ms MarkObjects: 3.058600 ms  DeleteObjects: 0.045600 ms)

========================================================================
Received Prepare
Registering precompiled user dll's ...
Registered in 0.002254 seconds.
Begin MonoManager ReloadAssembly
Native extension for WindowsStandalone target not found
Native extension for WebGL target not found
Refreshing native plugins compatible for Editor in 0.69 ms, found 0 plugins.
Preloading 0 native plugins for Editor in 0.00 ms.
Mono: successfully reloaded assembly
- Completed reload, in  2.289 seconds
Platform modules already initialized, skipping
Refreshing native plugins compatible for Editor in 0.64 ms, found 0 plugins.
Preloading 0 native plugins for Editor in 0.00 ms.
Unloading 1121 Unused Serialized files (Serialized files now loaded: 0)
System memory in use before: 57.3 MB.
System memory in use after: 57.4 MB.

Unloading 4 unused Assets to reduce memory usage. Loaded Objects now: 1597.
Total: 3.765700 ms (FindLiveObjects: 0.452100 ms CreateObjectMapping: 0.093200 ms MarkObjects: 3.175700 ms  DeleteObjects: 0.041000 ms)

========================================================================
Received Import Request.
  Time since last request: 2756.565033 seconds.
  path: Assets/AIScripts/Attributes/Attribute_Stamina.cs
  artifactKey: Guid(59bc73ab49597e4439e22f6b7b082167) Importer(815301076,1909f56bfc062723c751e8b465ee728b)
Start importing Assets/AIScripts/Attributes/Attribute_Stamina.cs using Guid(59bc73ab49597e4439e22f6b7b082167) Importer(815301076,1909f56bfc062723c751e8b465ee728b)  -> (artifact id: '2115e7b248ce532db0c42c811b36d8ee') in 0.101253 seconds
  Import took 0.106234 seconds .

========================================================================
Received Import Request.
  Time since last request: 1998.650335 seconds.
  path: Assets/AIScripts/Attributes/AttributesManager.cs
  artifactKey: Guid(bbc4f05624aa8c94b957f0a46ed4f170) Importer(815301076,1909f56bfc062723c751e8b465ee728b)
Start importing Assets/AIScripts/Attributes/AttributesManager.cs using Guid(bbc4f05624aa8c94b957f0a46ed4f170) Importer(815301076,1909f56bfc062723c751e8b465ee728b)  -> (artifact id: '3221aad719be17f7b5611d0290f68da5') in 0.033201 seconds
  Import took 0.073137 seconds .

========================================================================
Received Import Request.
  Time since last request: 0.129209 seconds.
  path: Assets/AIScripts/Attributes/AttributesManager.cs
  artifactKey: Guid(bbc4f05624aa8c94b957f0a46ed4f170) Importer(815301076,1909f56bfc062723c751e8b465ee728b)
Start importing Assets/AIScripts/Attributes/AttributesManager.cs using Guid(bbc4f05624aa8c94b957f0a46ed4f170) Importer(815301076,1909f56bfc062723c751e8b465ee728b)  -> (artifact id: '3221aad719be17f7b5611d0290f68da5') in 0.014776 seconds
  Import took 0.019329 seconds .

========================================================================
Received Import Request.
  Time since last request: 0.810970 seconds.
  path: Assets/AIScripts/Attributes/AttributeBase.cs
  artifactKey: Guid(907ade099b52c0f4bac44dec4d1b95e5) Importer(815301076,1909f56bfc062723c751e8b465ee728b)
Start importing Assets/AIScripts/Attributes/AttributeBase.cs using Guid(907ade099b52c0f4bac44dec4d1b95e5) Importer(815301076,1909f56bfc062723c751e8b465ee728b)  -> (artifact id: '2211fec482a0b4e930fb45ab9616a223') in 0.027163 seconds
  Import took 0.045468 seconds .

========================================================================
Received Import Request.
  Time since last request: 3.016205 seconds.
  path: Assets/AIScripts/Attributes/Attribute_Health.cs
  artifactKey: Guid(ff85c3c3ce2e12c41a565b7dedbf1012) Importer(815301076,1909f56bfc062723c751e8b465ee728b)
Start importing Assets/AIScripts/Attributes/Attribute_Health.cs using Guid(ff85c3c3ce2e12c41a565b7dedbf1012) Importer(815301076,1909f56bfc062723c751e8b465ee728b)  -> (artifact id: '8ae08e37b2aadbe4a65134fe690b6ce3') in 0.026717 seconds
  Import took 0.041221 seconds .

========================================================================
Received Import Request.
  Time since last request: 0.728504 seconds.
  path: Assets/AIScripts/Attributes/Attribute.cs
  artifactKey: Guid(d3781367a2049254c9b96c613a252cd9) Importer(815301076,1909f56bfc062723c751e8b465ee728b)
Start importing Assets/AIScripts/Attributes/Attribute.cs using Guid(d3781367a2049254c9b96c613a252cd9) Importer(815301076,1909f56bfc062723c751e8b465ee728b)  -> (artifact id: 'ef2424db7b686170876658f2832cddc9') in 0.031548 seconds
  Import took 0.045427 seconds .

========================================================================
Received Prepare
Registering precompiled user dll's ...
Registered in 0.002521 seconds.
Begin MonoManager ReloadAssembly
Native extension for WindowsStandalone target not found
Native extension for WebGL target not found
Refreshing native plugins compatible for Editor in 0.64 ms, found 0 plugins.
Preloading 0 native plugins for Editor in 0.00 ms.
Mono: successfully reloaded assembly
- Completed reload, in  2.778 seconds
Platform modules already initialized, skipping
Refreshing native plugins compatible for Editor in 0.74 ms, found 0 plugins.
Preloading 0 native plugins for Editor in 0.00 ms.
Unloading 1119 Unused Serialized files (Serialized files now loaded: 0)
System memory in use before: 57.2 MB.
System memory in use after: 57.3 MB.

Unloading 4 unused Assets to reduce memory usage. Loaded Objects now: 1601.
Total: 4.149600 ms (FindLiveObjects: 0.605200 ms CreateObjectMapping: 0.103100 ms MarkObjects: 3.397900 ms  DeleteObjects: 0.035900 ms)

========================================================================
Received Prepare
Registering precompiled user dll's ...
Registered in 0.001882 seconds.
Begin MonoManager ReloadAssembly
Native extension for WindowsStandalone target not found
Native extension for WebGL target not found
Refreshing native plugins compatible for Editor in 0.60 ms, found 0 plugins.
Preloading 0 native plugins for Editor in 0.00 ms.
Mono: successfully reloaded assembly
- Completed reload, in  2.099 seconds
Platform modules already initialized, skipping
Refreshing native plugins compatible for Editor in 0.60 ms, found 0 plugins.
Preloading 0 native plugins for Editor in 0.00 ms.
Unloading 1119 Unused Serialized files (Serialized files now loaded: 0)
System memory in use before: 57.2 MB.
System memory in use after: 57.3 MB.

Unloading 4 unused Assets to reduce memory usage. Loaded Objects now: 1604.
Total: 4.318400 ms (FindLiveObjects: 0.489100 ms CreateObjectMapping: 0.096400 ms MarkObjects: 3.698400 ms  DeleteObjects: 0.031500 ms)

========================================================================
Received Import Request.
  Time since last request: 9997.104234 seconds.
  path: Assets/AIScripts/Attributes/Health.asset
  artifactKey: Guid(d219e226c9fe45b4f98aa1d0b404c9fe) Importer(815301076,1909f56bfc062723c751e8b465ee728b)
Start importing Assets/AIScripts/Attributes/Health.asset using Guid(d219e226c9fe45b4f98aa1d0b404c9fe) Importer(815301076,1909f56bfc062723c751e8b465ee728b)  -> (artifact id: '916261f5d51367fd13591b88fcc75d24') in 0.098187 seconds
  Import took 0.103004 seconds .

========================================================================
Received Prepare
Registering precompiled user dll's ...
Registered in 0.002385 seconds.
Begin MonoManager ReloadAssembly
Native extension for WindowsStandalone target not found
Native extension for WebGL target not found
Refreshing native plugins compatible for Editor in 0.65 ms, found 0 plugins.
Preloading 0 native plugins for Editor in 0.00 ms.
Mono: successfully reloaded assembly
- Completed reload, in  2.446 seconds
Platform modules already initialized, skipping
Refreshing native plugins compatible for Editor in 0.71 ms, found 0 plugins.
Preloading 0 native plugins for Editor in 0.01 ms.
Unloading 1119 Unused Serialized files (Serialized files now loaded: 0)
System memory in use before: 57.3 MB.
System memory in use after: 57.4 MB.

Unloading 4 unused Assets to reduce memory usage. Loaded Objects now: 1607.
Total: 3.449800 ms (FindLiveObjects: 0.482200 ms CreateObjectMapping: 0.093600 ms MarkObjects: 2.828900 ms  DeleteObjects: 0.041900 ms)

========================================================================
Received Import Request.
  Time since last request: 71.949046 seconds.
  path: Assets/AIScripts/Attributes/ScriptableObjects
  artifactKey: Guid(374ff1344348ad1488704aaaa83a3040) Importer(815301076,1909f56bfc062723c751e8b465ee728b)
Start importing Assets/AIScripts/Attributes/ScriptableObjects using Guid(374ff1344348ad1488704aaaa83a3040) Importer(815301076,1909f56bfc062723c751e8b465ee728b)  -> (artifact id: 'b3b25bdb4855e8f0b1c71009aa0d0e2a') in 0.028732 seconds
  Import took 0.041264 seconds .

========================================================================
Received Import Request.
  Time since last request: 38.191001 seconds.
  path: Assets/AIScripts/Attributes/ScriptableObjects/DefaultCalculator.cs
  artifactKey: Guid(c24bb577093271440a81352829c0241b) Importer(815301076,1909f56bfc062723c751e8b465ee728b)
Start importing Assets/AIScripts/Attributes/ScriptableObjects/DefaultCalculator.cs using Guid(c24bb577093271440a81352829c0241b) Importer(815301076,1909f56bfc062723c751e8b465ee728b)  -> (artifact id: 'ddc01bd5da7676dc0aa209e00781bfd3') in 0.026796 seconds
  Import took 0.031883 seconds .

========================================================================
Received Prepare
Registering precompiled user dll's ...
Registered in 0.001732 seconds.
Begin MonoManager ReloadAssembly
Native extension for WindowsStandalone target not found
Native extension for WebGL target not found
Refreshing native plugins compatible for Editor in 0.64 ms, found 0 plugins.
Preloading 0 native plugins for Editor in 0.00 ms.
Mono: successfully reloaded assembly
- Completed reload, in  2.226 seconds
Platform modules already initialized, skipping
Refreshing native plugins compatible for Editor in 0.72 ms, found 0 plugins.
Preloading 0 native plugins for Editor in 0.00 ms.
Unloading 1120 Unused Serialized files (Serialized files now loaded: 0)
System memory in use before: 57.3 MB.
System memory in use after: 57.4 MB.

Unloading 4 unused Assets to reduce memory usage. Loaded Objects now: 1611.
Total: 4.275900 ms (FindLiveObjects: 0.472800 ms CreateObjectMapping: 0.094400 ms MarkObjects: 3.669900 ms  DeleteObjects: 0.036900 ms)

========================================================================
Received Import Request.
  Time since last request: 102.679469 seconds.
  path: Assets/AIScripts/Attributes/ScriptableObjects/DefaultCalculator.cs
  artifactKey: Guid(c24bb577093271440a81352829c0241b) Importer(815301076,1909f56bfc062723c751e8b465ee728b)
Start importing Assets/AIScripts/Attributes/ScriptableObjects/DefaultCalculator.cs using Guid(c24bb577093271440a81352829c0241b) Importer(815301076,1909f56bfc062723c751e8b465ee728b)  -> (artifact id: 'dbe0fdd711a188f2db38e396793e6b0b') in 0.040567 seconds
  Import took 0.055275 seconds .

========================================================================
Received Prepare
Registering precompiled user dll's ...
Registered in 0.002671 seconds.
Begin MonoManager ReloadAssembly
Native extension for WindowsStandalone target not found
Native extension for WebGL target not found
Refreshing native plugins compatible for Editor in 0.59 ms, found 0 plugins.
Preloading 0 native plugins for Editor in 0.00 ms.
Mono: successfully reloaded assembly
- Completed reload, in  2.035 seconds
Platform modules already initialized, skipping
Refreshing native plugins compatible for Editor in 0.69 ms, found 0 plugins.
Preloading 0 native plugins for Editor in 0.00 ms.
Unloading 1120 Unused Serialized files (Serialized files now loaded: 0)
System memory in use before: 57.3 MB.
System memory in use after: 57.4 MB.

Unloading 4 unused Assets to reduce memory usage. Loaded Objects now: 1614.
Total: 4.077000 ms (FindLiveObjects: 0.491400 ms CreateObjectMapping: 0.087000 ms MarkObjects: 3.463900 ms  DeleteObjects: 0.032300 ms)

========================================================================
Received Prepare
Registering precompiled user dll's ...
Registered in 0.001948 seconds.
Begin MonoManager ReloadAssembly
Native extension for WindowsStandalone target not found
Native extension for WebGL target not found
Refreshing native plugins compatible for Editor in 0.60 ms, found 0 plugins.
Preloading 0 native plugins for Editor in 0.00 ms.
Mono: successfully reloaded assembly
- Completed reload, in  1.947 seconds
Platform modules already initialized, skipping
Refreshing native plugins compatible for Editor in 0.63 ms, found 0 plugins.
Preloading 0 native plugins for Editor in 0.00 ms.
Unloading 1120 Unused Serialized files (Serialized files now loaded: 0)
System memory in use before: 57.3 MB.
System memory in use after: 57.4 MB.

Unloading 4 unused Assets to reduce memory usage. Loaded Objects now: 1617.
Total: 4.680700 ms (FindLiveObjects: 0.581900 ms CreateObjectMapping: 0.118100 ms MarkObjects: 3.939400 ms  DeleteObjects: 0.037900 ms)

========================================================================
Received Import Request.
  Time since last request: 194.212314 seconds.
  path: Assets/AIScripts/Attributes/CustomCalculator.cs
  artifactKey: Guid(dc256e098f848844687b9ddfac84bd17) Importer(815301076,1909f56bfc062723c751e8b465ee728b)
Start importing Assets/AIScripts/Attributes/CustomCalculator.cs using Guid(dc256e098f848844687b9ddfac84bd17) Importer(815301076,1909f56bfc062723c751e8b465ee728b)  -> (artifact id: 'a1eef3e934c41a540f34cb5cf58383b7') in 0.029329 seconds
  Import took 0.050863 seconds .

========================================================================
Received Import Request.
  Time since last request: 0.000702 seconds.
  path: Assets/AIScripts/Attributes/CustomCalculator.cs
  artifactKey: Guid(dc256e098f848844687b9ddfac84bd17) Importer(815301076,1909f56bfc062723c751e8b465ee728b)
Start importing Assets/AIScripts/Attributes/CustomCalculator.cs using Guid(dc256e098f848844687b9ddfac84bd17) Importer(815301076,1909f56bfc062723c751e8b465ee728b)  -> (artifact id: 'a1eef3e934c41a540f34cb5cf58383b7') in 0.007994 seconds
  Import took 0.012660 seconds .

========================================================================
Received Prepare
Registering precompiled user dll's ...
Registered in 0.001993 seconds.
Begin MonoManager ReloadAssembly
Native extension for WindowsStandalone target not found
Native extension for WebGL target not found
Refreshing native plugins compatible for Editor in 0.60 ms, found 0 plugins.
Preloading 0 native plugins for Editor in 0.00 ms.
Mono: successfully reloaded assembly
- Completed reload, in  2.073 seconds
Platform modules already initialized, skipping
Refreshing native plugins compatible for Editor in 0.60 ms, found 0 plugins.
Preloading 0 native plugins for Editor in 0.00 ms.
Unloading 1120 Unused Serialized files (Serialized files now loaded: 0)
System memory in use before: 57.3 MB.
System memory in use after: 57.4 MB.

Unloading 4 unused Assets to reduce memory usage. Loaded Objects now: 1620.
Total: 3.466400 ms (FindLiveObjects: 0.458000 ms CreateObjectMapping: 0.091000 ms MarkObjects: 2.883100 ms  DeleteObjects: 0.032200 ms)

========================================================================
Received Prepare
Registering precompiled user dll's ...
Registered in 0.001785 seconds.
Begin MonoManager ReloadAssembly
Native extension for WindowsStandalone target not found
Native extension for WebGL target not found
Refreshing native plugins compatible for Editor in 0.59 ms, found 0 plugins.
Preloading 0 native plugins for Editor in 0.00 ms.
Mono: successfully reloaded assembly
- Completed reload, in  2.423 seconds
Platform modules already initialized, skipping
Refreshing native plugins compatible for Editor in 0.61 ms, found 0 plugins.
Preloading 0 native plugins for Editor in 0.00 ms.
Unloading 1120 Unused Serialized files (Serialized files now loaded: 0)
System memory in use before: 57.3 MB.
System memory in use after: 57.4 MB.

Unloading 4 unused Assets to reduce memory usage. Loaded Objects now: 1623.
Total: 7.030600 ms (FindLiveObjects: 0.482200 ms CreateObjectMapping: 0.093600 ms MarkObjects: 6.410700 ms  DeleteObjects: 0.040500 ms)

========================================================================
Received Prepare
Registering precompiled user dll's ...
Registered in 0.003498 seconds.
Begin MonoManager ReloadAssembly
Native extension for WindowsStandalone target not found
Native extension for WebGL target not found
Refreshing native plugins compatible for Editor in 1.17 ms, found 0 plugins.
Preloading 0 native plugins for Editor in 0.00 ms.
Mono: successfully reloaded assembly
- Completed reload, in  3.189 seconds
Platform modules already initialized, skipping
Refreshing native plugins compatible for Editor in 0.61 ms, found 0 plugins.
Preloading 0 native plugins for Editor in 0.00 ms.
Unloading 1120 Unused Serialized files (Serialized files now loaded: 0)
System memory in use before: 57.3 MB.
System memory in use after: 57.4 MB.

Unloading 4 unused Assets to reduce memory usage. Loaded Objects now: 1626.
Total: 3.524800 ms (FindLiveObjects: 0.495700 ms CreateObjectMapping: 0.087600 ms MarkObjects: 2.904900 ms  DeleteObjects: 0.033900 ms)

========================================================================
Received Prepare
Registering precompiled user dll's ...
Registered in 0.001900 seconds.
Begin MonoManager ReloadAssembly
Native extension for WindowsStandalone target not found
Native extension for WebGL target not found
Refreshing native plugins compatible for Editor in 0.59 ms, found 0 plugins.
Preloading 0 native plugins for Editor in 0.00 ms.
Mono: successfully reloaded assembly
- Completed reload, in  2.063 seconds
Platform modules already initialized, skipping
Refreshing native plugins compatible for Editor in 0.68 ms, found 0 plugins.
Preloading 0 native plugins for Editor in 0.00 ms.
Unloading 1120 Unused Serialized files (Serialized files now loaded: 0)
System memory in use before: 57.3 MB.
System memory in use after: 57.4 MB.

Unloading 4 unused Assets to reduce memory usage. Loaded Objects now: 1629.
Total: 4.444700 ms (FindLiveObjects: 0.501400 ms CreateObjectMapping: 0.101400 ms MarkObjects: 3.792300 ms  DeleteObjects: 0.047300 ms)

========================================================================
Received Import Request.
  Time since last request: 158.155177 seconds.
  path: Assets/AIScripts/Attributes/ScriptableObjects/Health.asset
  artifactKey: Guid(d219e226c9fe45b4f98aa1d0b404c9fe) Importer(815301076,1909f56bfc062723c751e8b465ee728b)
Start importing Assets/AIScripts/Attributes/ScriptableObjects/Health.asset using Guid(d219e226c9fe45b4f98aa1d0b404c9fe) Importer(815301076,1909f56bfc062723c751e8b465ee728b)  -> (artifact id: '337079f48eb6501ab0aaeaff4041d294') in 0.038930 seconds
  Import took 0.050840 seconds .

========================================================================
Received Import Request.
  Time since last request: 0.002600 seconds.
  path: Assets/AIScripts/Attributes/ScriptableObjects/Health.asset
  artifactKey: Guid(d219e226c9fe45b4f98aa1d0b404c9fe) Importer(815301076,1909f56bfc062723c751e8b465ee728b)
Start importing Assets/AIScripts/Attributes/ScriptableObjects/Health.asset using Guid(d219e226c9fe45b4f98aa1d0b404c9fe) Importer(815301076,1909f56bfc062723c751e8b465ee728b)  -> (artifact id: '337079f48eb6501ab0aaeaff4041d294') in 0.021721 seconds
  Import took 0.028288 seconds .

========================================================================
Received Prepare
Registering precompiled user dll's ...
Registered in 0.001986 seconds.
Begin MonoManager ReloadAssembly
Native extension for WindowsStandalone target not found
Native extension for WebGL target not found
Refreshing native plugins compatible for Editor in 0.61 ms, found 0 plugins.
Preloading 0 native plugins for Editor in 0.00 ms.
Mono: successfully reloaded assembly
- Completed reload, in  1.946 seconds
Platform modules already initialized, skipping
Refreshing native plugins compatible for Editor in 0.58 ms, found 0 plugins.
Preloading 0 native plugins for Editor in 0.00 ms.
Unloading 1120 Unused Serialized files (Serialized files now loaded: 0)
System memory in use before: 57.3 MB.
System memory in use after: 57.4 MB.

Unloading 4 unused Assets to reduce memory usage. Loaded Objects now: 1632.
Total: 3.426600 ms (FindLiveObjects: 0.473100 ms CreateObjectMapping: 0.090100 ms MarkObjects: 2.829300 ms  DeleteObjects: 0.031400 ms)

========================================================================
Received Prepare
Registering precompiled user dll's ...
Registered in 0.002151 seconds.
Begin MonoManager ReloadAssembly
Native extension for WindowsStandalone target not found
Native extension for WebGL target not found
Refreshing native plugins compatible for Editor in 0.69 ms, found 0 plugins.
Preloading 0 native plugins for Editor in 0.00 ms.
Mono: successfully reloaded assembly
- Completed reload, in  2.056 seconds
Platform modules already initialized, skipping
Refreshing native plugins compatible for Editor in 0.75 ms, found 0 plugins.
Preloading 0 native plugins for Editor in 0.00 ms.
Unloading 1120 Unused Serialized files (Serialized files now loaded: 0)
System memory in use before: 57.3 MB.
System memory in use after: 57.4 MB.

Unloading 4 unused Assets to reduce memory usage. Loaded Objects now: 1635.
Total: 4.999700 ms (FindLiveObjects: 0.458000 ms CreateObjectMapping: 0.095400 ms MarkObjects: 4.402500 ms  DeleteObjects: 0.041200 ms)

========================================================================
Received Prepare
Registering precompiled user dll's ...
Registered in 0.004437 seconds.
Begin MonoManager ReloadAssembly
Native extension for WindowsStandalone target not found
Native extension for WebGL target not found
Refreshing native plugins compatible for Editor in 0.70 ms, found 0 plugins.
Preloading 0 native plugins for Editor in 0.00 ms.
Mono: successfully reloaded assembly
- Completed reload, in  2.833 seconds
Platform modules already initialized, skipping
Refreshing native plugins compatible for Editor in 1.06 ms, found 0 plugins.
Preloading 0 native plugins for Editor in 0.00 ms.
Unloading 1120 Unused Serialized files (Serialized files now loaded: 0)
System memory in use before: 57.3 MB.
System memory in use after: 57.4 MB.

Unloading 4 unused Assets to reduce memory usage. Loaded Objects now: 1638.
Total: 8.904200 ms (FindLiveObjects: 1.076200 ms CreateObjectMapping: 0.160700 ms MarkObjects: 7.622400 ms  DeleteObjects: 0.041300 ms)

========================================================================
Received Prepare
Registering precompiled user dll's ...
Registered in 0.002381 seconds.
Begin MonoManager ReloadAssembly
Native extension for WindowsStandalone target not found
Native extension for WebGL target not found
Refreshing native plugins compatible for Editor in 0.70 ms, found 0 plugins.
Preloading 0 native plugins for Editor in 0.00 ms.
Mono: successfully reloaded assembly
- Completed reload, in  2.020 seconds
Platform modules already initialized, skipping
Refreshing native plugins compatible for Editor in 0.59 ms, found 0 plugins.
Preloading 0 native plugins for Editor in 0.00 ms.
Unloading 1120 Unused Serialized files (Serialized files now loaded: 0)
System memory in use before: 57.3 MB.
System memory in use after: 57.4 MB.

Unloading 4 unused Assets to reduce memory usage. Loaded Objects now: 1641.
Total: 3.409400 ms (FindLiveObjects: 0.517300 ms CreateObjectMapping: 0.087600 ms MarkObjects: 2.771100 ms  DeleteObjects: 0.031600 ms)

========================================================================
Received Prepare
Registering precompiled user dll's ...
Registered in 0.001928 seconds.
Begin MonoManager ReloadAssembly
Native extension for WindowsStandalone target not found
Native extension for WebGL target not found
Refreshing native plugins compatible for Editor in 0.68 ms, found 0 plugins.
Preloading 0 native plugins for Editor in 0.00 ms.
Mono: successfully reloaded assembly
- Completed reload, in  1.959 seconds
Platform modules already initialized, skipping
Refreshing native plugins compatible for Editor in 0.63 ms, found 0 plugins.
Preloading 0 native plugins for Editor in 0.00 ms.
Unloading 1120 Unused Serialized files (Serialized files now loaded: 0)
System memory in use before: 57.3 MB.
System memory in use after: 57.4 MB.

Unloading 4 unused Assets to reduce memory usage. Loaded Objects now: 1644.
Total: 4.842800 ms (FindLiveObjects: 0.711700 ms CreateObjectMapping: 0.274600 ms MarkObjects: 3.813200 ms  DeleteObjects: 0.036700 ms)

========================================================================
Received Prepare
Registering precompiled user dll's ...
Registered in 0.001910 seconds.
Begin MonoManager ReloadAssembly
Native extension for WindowsStandalone target not found
Native extension for WebGL target not found
Refreshing native plugins compatible for Editor in 0.59 ms, found 0 plugins.
Preloading 0 native plugins for Editor in 0.00 ms.
Mono: successfully reloaded assembly
- Completed reload, in  2.330 seconds
Platform modules already initialized, skipping
Refreshing native plugins compatible for Editor in 0.71 ms, found 0 plugins.
Preloading 0 native plugins for Editor in 0.00 ms.
Unloading 1120 Unused Serialized files (Serialized files now loaded: 0)
System memory in use before: 57.3 MB.
System memory in use after: 57.4 MB.

Unloading 4 unused Assets to reduce memory usage. Loaded Objects now: 1647.
Total: 4.560700 ms (FindLiveObjects: 0.482800 ms CreateObjectMapping: 0.087700 ms MarkObjects: 3.947500 ms  DeleteObjects: 0.040200 ms)

========================================================================
Received Import Request.
  Time since last request: 357.311009 seconds.
  path: Assets/AIScripts/Attributes/ScriptableObjects/DefaultCalculator.asset
  artifactKey: Guid(d329abfcb04f10b4ba7bfa8019568750) Importer(815301076,1909f56bfc062723c751e8b465ee728b)
Start importing Assets/AIScripts/Attributes/ScriptableObjects/DefaultCalculator.asset using Guid(d329abfcb04f10b4ba7bfa8019568750) Importer(815301076,1909f56bfc062723c751e8b465ee728b)  -> (artifact id: '9ba85f23b08a59b89c5b21ce3f315d85') in 0.038785 seconds
  Import took 0.050696 seconds .

========================================================================
Received Prepare
Registering precompiled user dll's ...
Registered in 0.002240 seconds.
Begin MonoManager ReloadAssembly
Native extension for WindowsStandalone target not found
Native extension for WebGL target not found
Refreshing native plugins compatible for Editor in 0.61 ms, found 0 plugins.
Preloading 0 native plugins for Editor in 0.00 ms.
Mono: successfully reloaded assembly
- Completed reload, in  2.018 seconds
Platform modules already initialized, skipping
Refreshing native plugins compatible for Editor in 0.59 ms, found 0 plugins.
Preloading 0 native plugins for Editor in 0.00 ms.
Unloading 1120 Unused Serialized files (Serialized files now loaded: 0)
System memory in use before: 57.4 MB.
System memory in use after: 57.4 MB.

Unloading 4 unused Assets to reduce memory usage. Loaded Objects now: 1650.
Total: 3.458400 ms (FindLiveObjects: 0.492100 ms CreateObjectMapping: 0.087800 ms MarkObjects: 2.846300 ms  DeleteObjects: 0.030100 ms)

========================================================================
Received Import Request.
  Time since last request: 80.343092 seconds.
  path: Assets/AIScripts/Attributes/ScriptableObjects/Health.asset
  artifactKey: Guid(d219e226c9fe45b4f98aa1d0b404c9fe) Importer(815301076,1909f56bfc062723c751e8b465ee728b)
Start importing Assets/AIScripts/Attributes/ScriptableObjects/Health.asset using Guid(d219e226c9fe45b4f98aa1d0b404c9fe) Importer(815301076,1909f56bfc062723c751e8b465ee728b)  -> (artifact id: 'f5333703730bc63bdea7cf82899e9bdc') in 0.035700 seconds
  Import took 0.042561 seconds .

========================================================================
Received Import Request.
  Time since last request: 36.906083 seconds.
  path: Assets/AIScripts/Attributes/ScriptableObjects/Stamina.asset
  artifactKey: Guid(333a333b0f68ff04f936d7bb7fe24bb7) Importer(815301076,1909f56bfc062723c751e8b465ee728b)
Start importing Assets/AIScripts/Attributes/ScriptableObjects/Stamina.asset using Guid(333a333b0f68ff04f936d7bb7fe24bb7) Importer(815301076,1909f56bfc062723c751e8b465ee728b)  -> (artifact id: '076e8204a193594b125a1364e09b9bd9') in 0.024401 seconds
  Import took 0.044031 seconds .

========================================================================
Received Import Request.
  Time since last request: 21.315659 seconds.
  path: Assets/AIScripts/Attributes/ScriptableObjects/Stamina.asset
  artifactKey: Guid(333a333b0f68ff04f936d7bb7fe24bb7) Importer(815301076,1909f56bfc062723c751e8b465ee728b)
Start importing Assets/AIScripts/Attributes/ScriptableObjects/Stamina.asset using Guid(333a333b0f68ff04f936d7bb7fe24bb7) Importer(815301076,1909f56bfc062723c751e8b465ee728b)  -> (artifact id: 'c89fc7a7fdba3ebd8e3f289e4514182f') in 0.011168 seconds
  Import took 0.016767 seconds .

========================================================================
Received Import Request.
  Time since last request: 16.583705 seconds.
  path: Assets/AIScripts/Attributes/ScriptableObjects/Strength.asset
  artifactKey: Guid(ea433f3121b1d0a429a7f2531a0d2b1a) Importer(815301076,1909f56bfc062723c751e8b465ee728b)
Start importing Assets/AIScripts/Attributes/ScriptableObjects/Strength.asset using Guid(ea433f3121b1d0a429a7f2531a0d2b1a) Importer(815301076,1909f56bfc062723c751e8b465ee728b)  -> (artifact id: '54adb259b97218ff2049be6750830d17') in 0.023017 seconds
  Import took 0.029501 seconds .

========================================================================
Received Import Request.
  Time since last request: 26.203099 seconds.
  path: Assets/AIScripts/Attributes/ScriptableObjects/Dexterity.asset
  artifactKey: Guid(204ca2cc2020aba499d094d692b2e499) Importer(815301076,1909f56bfc062723c751e8b465ee728b)
Start importing Assets/AIScripts/Attributes/ScriptableObjects/Dexterity.asset using Guid(204ca2cc2020aba499d094d692b2e499) Importer(815301076,1909f56bfc062723c751e8b465ee728b)  -> (artifact id: '0d9ae3fa5f1bef19dea04cfd5e2deb49') in 0.026019 seconds
  Import took 0.040135 seconds .

========================================================================
Received Import Request.
  Time since last request: 0.002984 seconds.
  path: Assets/AIScripts/Attributes/ScriptableObjects/Dexterity.asset
  artifactKey: Guid(204ca2cc2020aba499d094d692b2e499) Importer(815301076,1909f56bfc062723c751e8b465ee728b)
Start importing Assets/AIScripts/Attributes/ScriptableObjects/Dexterity.asset using Guid(204ca2cc2020aba499d094d692b2e499) Importer(815301076,1909f56bfc062723c751e8b465ee728b)  -> (artifact id: '0d9ae3fa5f1bef19dea04cfd5e2deb49') in 0.019776 seconds
  Import took 0.023635 seconds .

========================================================================
Received Import Request.
  Time since last request: 20.786264 seconds.
  path: Assets/AIScripts/Attributes/ScriptableObjects/Experience.asset
  artifactKey: Guid(146a96995254a444b80fd926418a3513) Importer(815301076,1909f56bfc062723c751e8b465ee728b)
Start importing Assets/AIScripts/Attributes/ScriptableObjects/Experience.asset using Guid(146a96995254a444b80fd926418a3513) Importer(815301076,1909f56bfc062723c751e8b465ee728b)  -> (artifact id: '7a6eb63b211db176a207e0f9b4e39b60') in 0.024120 seconds
  Import took 0.029958 seconds .

========================================================================
Received Import Request.
  Time since last request: 68.185154 seconds.
  path: Assets/AIScripts/Attributes/ScriptableObjects/Dexterity.asset
  artifactKey: Guid(204ca2cc2020aba499d094d692b2e499) Importer(815301076,1909f56bfc062723c751e8b465ee728b)
Start importing Assets/AIScripts/Attributes/ScriptableObjects/Dexterity.asset using Guid(204ca2cc2020aba499d094d692b2e499) Importer(815301076,1909f56bfc062723c751e8b465ee728b)  -> (artifact id: 'cd07450748da31c926cbdaef4a34c019') in 0.012717 seconds
  Import took 0.017666 seconds .

========================================================================
Received Import Request.
  Time since last request: 0.000410 seconds.
  path: Assets/AIScripts/Attributes/ScriptableObjects/Experience.asset
  artifactKey: Guid(146a96995254a444b80fd926418a3513) Importer(815301076,1909f56bfc062723c751e8b465ee728b)
Start importing Assets/AIScripts/Attributes/ScriptableObjects/Experience.asset using Guid(146a96995254a444b80fd926418a3513) Importer(815301076,1909f56bfc062723c751e8b465ee728b)  -> (artifact id: '0ff742f0e33250dfef85555017820e6b') in 0.014121 seconds
  Import took 0.024504 seconds .

========================================================================
Received Import Request.
  Time since last request: 0.000519 seconds.
  path: Assets/AIScripts/Attributes/ScriptableObjects/Strength.asset
  artifactKey: Guid(ea433f3121b1d0a429a7f2531a0d2b1a) Importer(815301076,1909f56bfc062723c751e8b465ee728b)
Start importing Assets/AIScripts/Attributes/ScriptableObjects/Strength.asset using Guid(ea433f3121b1d0a429a7f2531a0d2b1a) Importer(815301076,1909f56bfc062723c751e8b465ee728b)  -> (artifact id: 'd034c1f9a03ab2c40881858a3b75cb7a') in 0.014613 seconds
  Import took 0.018879 seconds .

========================================================================
Received Prepare
Registering precompiled user dll's ...
Registered in 0.002280 seconds.
Begin MonoManager ReloadAssembly
Native extension for WindowsStandalone target not found
Native extension for WebGL target not found
Refreshing native plugins compatible for Editor in 0.76 ms, found 0 plugins.
Preloading 0 native plugins for Editor in 0.00 ms.
Mono: successfully reloaded assembly
- Completed reload, in  2.840 seconds
Platform modules already initialized, skipping
Refreshing native plugins compatible for Editor in 0.61 ms, found 0 plugins.
Preloading 0 native plugins for Editor in 0.00 ms.
Unloading 1120 Unused Serialized files (Serialized files now loaded: 0)
System memory in use before: 57.4 MB.
System memory in use after: 57.5 MB.

Unloading 4 unused Assets to reduce memory usage. Loaded Objects now: 1653.
Total: 4.198600 ms (FindLiveObjects: 0.494300 ms CreateObjectMapping: 0.086300 ms MarkObjects: 3.578100 ms  DeleteObjects: 0.036800 ms)

========================================================================
Received Prepare
Registering precompiled user dll's ...
Registered in 0.001824 seconds.
Begin MonoManager ReloadAssembly
Native extension for WindowsStandalone target not found
Native extension for WebGL target not found
Refreshing native plugins compatible for Editor in 0.62 ms, found 0 plugins.
Preloading 0 native plugins for Editor in 0.00 ms.
Mono: successfully reloaded assembly
- Completed reload, in  2.012 seconds
Platform modules already initialized, skipping
Refreshing native plugins compatible for Editor in 0.68 ms, found 0 plugins.
Preloading 0 native plugins for Editor in 0.00 ms.
Unloading 1120 Unused Serialized files (Serialized files now loaded: 0)
System memory in use before: 57.4 MB.
System memory in use after: 57.5 MB.

Unloading 4 unused Assets to reduce memory usage. Loaded Objects now: 1656.
Total: 3.455800 ms (FindLiveObjects: 0.472700 ms CreateObjectMapping: 0.105700 ms MarkObjects: 2.846900 ms  DeleteObjects: 0.028200 ms)

========================================================================
Received Prepare
Registering precompiled user dll's ...
Registered in 0.002808 seconds.
Begin MonoManager ReloadAssembly
Native extension for WindowsStandalone target not found
Native extension for WebGL target not found
Refreshing native plugins compatible for Editor in 0.66 ms, found 0 plugins.
Preloading 0 native plugins for Editor in 0.00 ms.
Mono: successfully reloaded assembly
- Completed reload, in  2.531 seconds
Platform modules already initialized, skipping
Refreshing native plugins compatible for Editor in 0.74 ms, found 0 plugins.
Preloading 0 native plugins for Editor in 0.00 ms.
Unloading 1120 Unused Serialized files (Serialized files now loaded: 0)
System memory in use before: 57.4 MB.
System memory in use after: 57.5 MB.

Unloading 4 unused Assets to reduce memory usage. Loaded Objects now: 1659.
Total: 21.435300 ms (FindLiveObjects: 1.128200 ms CreateObjectMapping: 0.284000 ms MarkObjects: 19.969600 ms  DeleteObjects: 0.048500 ms)

========================================================================
Received Prepare
Registering precompiled user dll's ...
Registered in 0.002675 seconds.
Begin MonoManager ReloadAssembly
Native extension for WindowsStandalone target not found
Native extension for WebGL target not found
Refreshing native plugins compatible for Editor in 0.61 ms, found 0 plugins.
Preloading 0 native plugins for Editor in 0.00 ms.
Mono: successfully reloaded assembly
- Completed reload, in  2.169 seconds
Platform modules already initialized, skipping
Refreshing native plugins compatible for Editor in 0.64 ms, found 0 plugins.
Preloading 0 native plugins for Editor in 0.00 ms.
Unloading 1120 Unused Serialized files (Serialized files now loaded: 0)
System memory in use before: 57.4 MB.
System memory in use after: 57.5 MB.

Unloading 4 unused Assets to reduce memory usage. Loaded Objects now: 1662.
Total: 4.051600 ms (FindLiveObjects: 0.521400 ms CreateObjectMapping: 0.112500 ms MarkObjects: 3.378900 ms  DeleteObjects: 0.036400 ms)

========================================================================
Received Prepare
Registering precompiled user dll's ...
Registered in 0.001910 seconds.
Begin MonoManager ReloadAssembly
Native extension for WindowsStandalone target not found
Native extension for WebGL target not found
Refreshing native plugins compatible for Editor in 0.69 ms, found 0 plugins.
Preloading 0 native plugins for Editor in 0.00 ms.
Mono: successfully reloaded assembly
- Completed reload, in  2.089 seconds
Platform modules already initialized, skipping
Refreshing native plugins compatible for Editor in 0.59 ms, found 0 plugins.
Preloading 0 native plugins for Editor in 0.00 ms.
Unloading 1120 Unused Serialized files (Serialized files now loaded: 0)
System memory in use before: 57.4 MB.
System memory in use after: 57.5 MB.

Unloading 4 unused Assets to reduce memory usage. Loaded Objects now: 1665.
Total: 4.497400 ms (FindLiveObjects: 0.487500 ms CreateObjectMapping: 0.086700 ms MarkObjects: 3.884600 ms  DeleteObjects: 0.036100 ms)

========================================================================
Received Prepare
Registering precompiled user dll's ...
Registered in 0.004461 seconds.
Begin MonoManager ReloadAssembly
Native extension for WindowsStandalone target not found
Native extension for WebGL target not found
Refreshing native plugins compatible for Editor in 0.61 ms, found 0 plugins.
Preloading 0 native plugins for Editor in 0.00 ms.
Mono: successfully reloaded assembly
- Completed reload, in  2.337 seconds
Platform modules already initialized, skipping
Refreshing native plugins compatible for Editor in 3.67 ms, found 0 plugins.
Preloading 0 native plugins for Editor in 0.00 ms.
Unloading 1120 Unused Serialized files (Serialized files now loaded: 0)
System memory in use before: 57.4 MB.
System memory in use after: 57.5 MB.

Unloading 4 unused Assets to reduce memory usage. Loaded Objects now: 1668.
Total: 6.264500 ms (FindLiveObjects: 1.170300 ms CreateObjectMapping: 0.281100 ms MarkObjects: 4.775900 ms  DeleteObjects: 0.034200 ms)

========================================================================
Received Prepare
Registering precompiled user dll's ...
Registered in 0.002380 seconds.
Begin MonoManager ReloadAssembly
Native extension for WindowsStandalone target not found
Native extension for WebGL target not found
Refreshing native plugins compatible for Editor in 0.99 ms, found 0 plugins.
Preloading 0 native plugins for Editor in 0.00 ms.
Mono: successfully reloaded assembly
- Completed reload, in  2.000 seconds
Platform modules already initialized, skipping
Refreshing native plugins compatible for Editor in 0.65 ms, found 0 plugins.
Preloading 0 native plugins for Editor in 0.00 ms.
Unloading 1120 Unused Serialized files (Serialized files now loaded: 0)
System memory in use before: 57.4 MB.
System memory in use after: 57.5 MB.

Unloading 4 unused Assets to reduce memory usage. Loaded Objects now: 1671.
Total: 53.281400 ms (FindLiveObjects: 0.556900 ms CreateObjectMapping: 0.380400 ms MarkObjects: 52.290800 ms  DeleteObjects: 0.048900 ms)

========================================================================
Received Prepare
Registering precompiled user dll's ...
Registered in 0.002410 seconds.
Begin MonoManager ReloadAssembly
Native extension for WindowsStandalone target not found
Native extension for WebGL target not found
Refreshing native plugins compatible for Editor in 0.66 ms, found 0 plugins.
Preloading 0 native plugins for Editor in 0.00 ms.
Mono: successfully reloaded assembly
- Completed reload, in  5.267 seconds
Platform modules already initialized, skipping
Refreshing native plugins compatible for Editor in 0.58 ms, found 0 plugins.
Preloading 0 native plugins for Editor in 0.00 ms.
Unloading 1120 Unused Serialized files (Serialized files now loaded: 0)
System memory in use before: 57.4 MB.
System memory in use after: 57.5 MB.

Unloading 4 unused Assets to reduce memory usage. Loaded Objects now: 1674.
Total: 4.195700 ms (FindLiveObjects: 0.481400 ms CreateObjectMapping: 0.096200 ms MarkObjects: 3.576900 ms  DeleteObjects: 0.038500 ms)

========================================================================
Received Prepare
Registering precompiled user dll's ...
Registered in 0.001938 seconds.
Begin MonoManager ReloadAssembly
Native extension for WindowsStandalone target not found
Native extension for WebGL target not found
Refreshing native plugins compatible for Editor in 0.92 ms, found 0 plugins.
Preloading 0 native plugins for Editor in 0.00 ms.
Mono: successfully reloaded assembly
- Completed reload, in  4.622 seconds
Platform modules already initialized, skipping
Refreshing native plugins compatible for Editor in 0.60 ms, found 0 plugins.
Preloading 0 native plugins for Editor in 0.00 ms.
Unloading 1120 Unused Serialized files (Serialized files now loaded: 0)
System memory in use before: 57.4 MB.
System memory in use after: 57.5 MB.

Unloading 4 unused Assets to reduce memory usage. Loaded Objects now: 1677.
Total: 5.119300 ms (FindLiveObjects: 0.713500 ms CreateObjectMapping: 0.101800 ms MarkObjects: 4.268200 ms  DeleteObjects: 0.033400 ms)

========================================================================
Received Import Request.
  Time since last request: 656.593970 seconds.
  path: Assets/Prefabs/Entities/Adventurer.prefab
  artifactKey: Guid(07558278a7c43a94d832a3adda812ea1) Importer(815301076,1909f56bfc062723c751e8b465ee728b)
Start importing Assets/Prefabs/Entities/Adventurer.prefab using Guid(07558278a7c43a94d832a3adda812ea1) Importer(815301076,1909f56bfc062723c751e8b465ee728b)  -> (artifact id: 'b0e5312d572a42493d5da07c6cba7440') in 0.099959 seconds
  Import took 0.104749 seconds .

========================================================================
Received Import Request.
  Time since last request: 0.000423 seconds.
  path: Assets/Prefabs/Entities/Enemy.prefab
  artifactKey: Guid(d94dda7b29b5fa44890671eef4f3d38f) Importer(815301076,1909f56bfc062723c751e8b465ee728b)
Start importing Assets/Prefabs/Entities/Enemy.prefab using Guid(d94dda7b29b5fa44890671eef4f3d38f) Importer(815301076,1909f56bfc062723c751e8b465ee728b)  -> (artifact id: '3cc709ece0f8c81c7df0cc04eda597ee') in 0.028965 seconds
  Import took 0.037623 seconds .

========================================================================
Received Prepare
Registering precompiled user dll's ...
Registered in 0.001889 seconds.
Begin MonoManager ReloadAssembly
Native extension for WindowsStandalone target not found
Native extension for WebGL target not found
Refreshing native plugins compatible for Editor in 0.62 ms, found 0 plugins.
Preloading 0 native plugins for Editor in 0.00 ms.
Mono: successfully reloaded assembly
- Completed reload, in  2.000 seconds
Platform modules already initialized, skipping
Refreshing native plugins compatible for Editor in 0.59 ms, found 0 plugins.
Preloading 0 native plugins for Editor in 0.00 ms.
Unloading 1120 Unused Serialized files (Serialized files now loaded: 0)
System memory in use before: 57.4 MB.
System memory in use after: 57.5 MB.

Unloading 4 unused Assets to reduce memory usage. Loaded Objects now: 1680.
Total: 3.513200 ms (FindLiveObjects: 0.464800 ms CreateObjectMapping: 0.093500 ms MarkObjects: 2.921100 ms  DeleteObjects: 0.031500 ms)

