Using pre-set license
Built from '2020.3/release' branch; Version is '2020.3.7f1 (dd97f2c94397) revision 14522354'; Using compiler version '192528614'; Build Type 'Release'
OS: 'Windows 10 Home; OS build 18363.1556; Version 1909; 64bit' Language: 'en' Physical Memory: 12285 MB
BatchMode: 1, IsHumanControllingUs: 0, StartBugReporterOnCrash: 0, Is64bit: 1, IsPro: 0

 COMMAND LINE ARGUMENTS:
C:\Program Files\Unity\Hub\Editor\2020.3.7f1\Editor\Unity.exe
-adb2
-batchMode
-noUpm
-name
AssetImportWorker0
-projectPath
C:/Users/ignat/Documents/UnityProjects/AI_Arena
-logFile
Logs/AssetImportWorker0.log
-srvPort
51286
Successfully changed project path to: C:/Users/ignat/Documents/UnityProjects/AI_Arena
C:/Users/ignat/Documents/UnityProjects/AI_Arena
Using Asset Import Pipeline V2.
Refreshing native plugins compatible for Editor in 57.41 ms, found 0 plugins.
Preloading 0 native plugins for Editor in 0.00 ms.
Initialize engine version: 2020.3.7f1 (dd97f2c94397)
[Subsystems] Discovering subsystems at path C:/Program Files/Unity/Hub/Editor/2020.3.7f1/Editor/Data/Resources/UnitySubsystems
[Subsystems] Discovering subsystems at path C:/Users/ignat/Documents/UnityProjects/AI_Arena/Assets
GfxDevice: creating device client; threaded=0
Direct3D:
    Version:  Direct3D 11.0 [level 11.0]
    Renderer: NVIDIA Quadro 4000 (ID=0x6dd)
    Vendor:   
    VRAM:     1999 MB
    Driver:   21.21.13.7783
Initialize mono
Mono path[0] = 'C:/Program Files/Unity/Hub/Editor/2020.3.7f1/Editor/Data/Managed'
Mono path[1] = 'C:/Program Files/Unity/Hub/Editor/2020.3.7f1/Editor/Data/MonoBleedingEdge/lib/mono/unityjit'
Mono config path = 'C:/Program Files/Unity/Hub/Editor/2020.3.7f1/Editor/Data/MonoBleedingEdge/etc'
Using monoOptions --debugger-agent=transport=dt_socket,embedding=1,server=y,suspend=n,address=127.0.0.1:56932
Begin MonoManager ReloadAssembly
Registering precompiled unity dll's ...
Register platform support module: C:/Program Files/Unity/Hub/Editor/2020.3.7f1/Editor/Data/PlaybackEngines/WebGLSupport/UnityEditor.WebGL.Extensions.dll
Register platform support module: C:/Program Files/Unity/Hub/Editor/2020.3.7f1/Editor/Data/PlaybackEngines/WindowsStandaloneSupport/UnityEditor.WindowsStandalone.Extensions.dll
Registered in 0.007526 seconds.
Native extension for WindowsStandalone target not found
Native extension for WebGL target not found
Refreshing native plugins compatible for Editor in 77.02 ms, found 0 plugins.
Preloading 0 native plugins for Editor in 0.00 ms.
Mono: successfully reloaded assembly
- Completed reload, in  3.840 seconds
Platform modules already initialized, skipping
Registering precompiled user dll's ...
Registered in 0.002569 seconds.
Begin MonoManager ReloadAssembly
Native extension for WindowsStandalone target not found
Native extension for WebGL target not found
Refreshing native plugins compatible for Editor in 0.93 ms, found 0 plugins.
Preloading 0 native plugins for Editor in 0.00 ms.
Mono: successfully reloaded assembly
- Completed reload, in  3.004 seconds
Platform modules already initialized, skipping
========================================================================
Worker process is ready to serve import requests
Launched and connected shader compiler UnityShaderCompiler.exe after 0.14 seconds
Refreshing native plugins compatible for Editor in 0.64 ms, found 0 plugins.
Preloading 0 native plugins for Editor in 0.00 ms.
Unloading 1121 Unused Serialized files (Serialized files now loaded: 0)
System memory in use before: 57.1 MB.
System memory in use after: 57.2 MB.

Unloading 9 unused Assets to reduce memory usage. Loaded Objects now: 1564.
Total: 4.027000 ms (FindLiveObjects: 0.504200 ms CreateObjectMapping: 0.099100 ms MarkObjects: 3.250600 ms  DeleteObjects: 0.170700 ms)

========================================================================
Received Import Request.
  path: Assets
  artifactKey: Guid(00000000000000001000000000000000) Importer(815301076,1909f56bfc062723c751e8b465ee728b)
Start importing Assets using Guid(00000000000000001000000000000000) Importer(815301076,1909f56bfc062723c751e8b465ee728b)  -> (artifact id: '5f6a1853b736837ecfb0820a881449cb') in 0.014458 seconds
  Import took 0.019542 seconds .

========================================================================
Received Import Request.
  Time since last request: 8.741209 seconds.
  path: Assets/Adventurer.prefab
  artifactKey: Guid(07558278a7c43a94d832a3adda812ea1) Importer(815301076,1909f56bfc062723c751e8b465ee728b)
Start importing Assets/Adventurer.prefab using Guid(07558278a7c43a94d832a3adda812ea1) Importer(815301076,1909f56bfc062723c751e8b465ee728b)  -> (artifact id: '3d4664c95ef510a5f8f69c237a550755') in 0.282591 seconds
  Import took 0.299067 seconds .

========================================================================
Received Import Request.
  Time since last request: 5.894032 seconds.
  path: Assets/Prefabs
  artifactKey: Guid(b2b550dbfdc96af4a8df87152bb715fc) Importer(815301076,1909f56bfc062723c751e8b465ee728b)
Start importing Assets/Prefabs using Guid(b2b550dbfdc96af4a8df87152bb715fc) Importer(815301076,1909f56bfc062723c751e8b465ee728b)  -> (artifact id: '5a2677a303d253bdab0a5462805c72c0') in 0.033321 seconds
  Import took 0.038567 seconds .

========================================================================
Received Import Request.
  Time since last request: 18.785612 seconds.
  path: Assets/Prefabs/Entities
  artifactKey: Guid(075d7eaf483928143a2a0c1267e28c6c) Importer(815301076,1909f56bfc062723c751e8b465ee728b)
Start importing Assets/Prefabs/Entities using Guid(075d7eaf483928143a2a0c1267e28c6c) Importer(815301076,1909f56bfc062723c751e8b465ee728b)  -> (artifact id: '0d08df7a5516014990c666e0f0ba1cca') in 0.041409 seconds
  Import took 0.046255 seconds .

========================================================================
Received Import Request.
  Time since last request: 8.569104 seconds.
  path: Assets/Prefabs/Entities/Adventurer.prefab
  artifactKey: Guid(07558278a7c43a94d832a3adda812ea1) Importer(815301076,1909f56bfc062723c751e8b465ee728b)
Start importing Assets/Prefabs/Entities/Adventurer.prefab using Guid(07558278a7c43a94d832a3adda812ea1) Importer(815301076,1909f56bfc062723c751e8b465ee728b)  -> (artifact id: 'b301460649a114331a494d5875114962') in 0.063612 seconds
  Import took 0.070278 seconds .

========================================================================
Received Import Request.
  Time since last request: 12.480675 seconds.
  path: Assets/Prefabs/Entities/Adventurer Variant.prefab
  artifactKey: Guid(755c2305ebb592d47a1f489af5c3311c) Importer(815301076,1909f56bfc062723c751e8b465ee728b)
Start importing Assets/Prefabs/Entities/Adventurer Variant.prefab using Guid(755c2305ebb592d47a1f489af5c3311c) Importer(815301076,1909f56bfc062723c751e8b465ee728b)  -> (artifact id: 'a3089e5163be4641eddef63c44bf31ae') in 0.036048 seconds
  Import took 0.041177 seconds .

========================================================================
Received Import Request.
  Time since last request: 26.616094 seconds.
  path: Assets/Prefabs/Entities/Monster.prefab
  artifactKey: Guid(d94dda7b29b5fa44890671eef4f3d38f) Importer(815301076,1909f56bfc062723c751e8b465ee728b)
Start importing Assets/Prefabs/Entities/Monster.prefab using Guid(d94dda7b29b5fa44890671eef4f3d38f) Importer(815301076,1909f56bfc062723c751e8b465ee728b)  -> (artifact id: '93b51b160d7414bf7f68ebc528de5ca4') in 0.066192 seconds
  Import took 0.074364 seconds .

========================================================================
Received Import Request.
  Time since last request: 5.757245 seconds.
  path: Assets/Prefabs/Entities/Monster.prefab
  artifactKey: Guid(d94dda7b29b5fa44890671eef4f3d38f) Importer(815301076,1909f56bfc062723c751e8b465ee728b)
Start importing Assets/Prefabs/Entities/Monster.prefab using Guid(d94dda7b29b5fa44890671eef4f3d38f) Importer(815301076,1909f56bfc062723c751e8b465ee728b)  -> (artifact id: 'e2d9001b172627788a744196a9ca7af2') in 0.014750 seconds
  Import took 0.024806 seconds .

========================================================================
Received Import Request.
  Time since last request: 0.009448 seconds.
  path: Assets/Prefabs/Entities/Monster.prefab
  artifactKey: Guid(d94dda7b29b5fa44890671eef4f3d38f) Importer(815301076,1909f56bfc062723c751e8b465ee728b)
Start importing Assets/Prefabs/Entities/Monster.prefab using Guid(d94dda7b29b5fa44890671eef4f3d38f) Importer(815301076,1909f56bfc062723c751e8b465ee728b)  -> (artifact id: 'e2d9001b172627788a744196a9ca7af2') in 0.011578 seconds
  Import took 0.017149 seconds .

========================================================================
Received Import Request.
  Time since last request: 6.076602 seconds.
  path: Assets/Prefabs/Entities/Enemy.prefab
  artifactKey: Guid(d94dda7b29b5fa44890671eef4f3d38f) Importer(815301076,1909f56bfc062723c751e8b465ee728b)
Start importing Assets/Prefabs/Entities/Enemy.prefab using Guid(d94dda7b29b5fa44890671eef4f3d38f) Importer(815301076,1909f56bfc062723c751e8b465ee728b)  -> (artifact id: 'a45b8598cf817d965152e31589b058bd') in 0.028244 seconds
  Import took 0.033235 seconds .

========================================================================
Received Import Request.
  Time since last request: 11.323008 seconds.
  path: Assets/AIScripts/GeneratedEntity.cs
  artifactKey: Guid(6e1c3014f6750a34da19d2c7d7f3bdb2) Importer(815301076,1909f56bfc062723c751e8b465ee728b)
Start importing Assets/AIScripts/GeneratedEntity.cs using Guid(6e1c3014f6750a34da19d2c7d7f3bdb2) Importer(815301076,1909f56bfc062723c751e8b465ee728b)  -> (artifact id: '9a1dcafc762df3b4b8a367044f959d27') in 0.072721 seconds
  Import took 0.077252 seconds .

========================================================================
Received Import Request.
  Time since last request: 0.951531 seconds.
  path: Assets/AIScripts/Enemy.cs
  artifactKey: Guid(568c4912cb2c40c4786d0b62bffb9e12) Importer(815301076,1909f56bfc062723c751e8b465ee728b)
Start importing Assets/AIScripts/Enemy.cs using Guid(568c4912cb2c40c4786d0b62bffb9e12) Importer(815301076,1909f56bfc062723c751e8b465ee728b)  -> (artifact id: 'a17aa48960edc14ab11caf96d3bb11f4') in 0.011373 seconds
  Import took 0.018666 seconds .

========================================================================
Received Import Request.
  Time since last request: 0.716592 seconds.
  path: Assets/AIScripts/Adventurer.cs
  artifactKey: Guid(9e31e97d6fb122d4e85e10f7e13f3432) Importer(815301076,1909f56bfc062723c751e8b465ee728b)
Start importing Assets/AIScripts/Adventurer.cs using Guid(9e31e97d6fb122d4e85e10f7e13f3432) Importer(815301076,1909f56bfc062723c751e8b465ee728b)  -> (artifact id: '32231e1c428939e0a6574dce3ab1ddcc') in 0.009984 seconds
  Import took 0.015902 seconds .

========================================================================
Received Import Request.
  Time since last request: 0.001172 seconds.
  path: Assets/AIScripts/Adventurer.cs
  artifactKey: Guid(9e31e97d6fb122d4e85e10f7e13f3432) Importer(815301076,1909f56bfc062723c751e8b465ee728b)
Start importing Assets/AIScripts/Adventurer.cs using Guid(9e31e97d6fb122d4e85e10f7e13f3432) Importer(815301076,1909f56bfc062723c751e8b465ee728b)  -> (artifact id: '32231e1c428939e0a6574dce3ab1ddcc') in 0.013054 seconds
  Import took 0.020371 seconds .

========================================================================
Received Import Request.
  Time since last request: 0.509060 seconds.
  path: Assets/AIScripts/Attribute.cs
  artifactKey: Guid(9900c4403d491b04b9a90d4cbba8cb3f) Importer(815301076,1909f56bfc062723c751e8b465ee728b)
Start importing Assets/AIScripts/Attribute.cs using Guid(9900c4403d491b04b9a90d4cbba8cb3f) Importer(815301076,1909f56bfc062723c751e8b465ee728b)  -> (artifact id: '0ef70dc5f17776c39970f3a9ad964499') in 0.030913 seconds
  Import took 0.037225 seconds .

========================================================================
Received Import Request.
  Time since last request: 0.443968 seconds.
  path: Assets/AIScripts/AttributesManager.cs
  artifactKey: Guid(dc7a4aa43dc3cc6498012abcea8d65fc) Importer(815301076,1909f56bfc062723c751e8b465ee728b)
Start importing Assets/AIScripts/AttributesManager.cs using Guid(dc7a4aa43dc3cc6498012abcea8d65fc) Importer(815301076,1909f56bfc062723c751e8b465ee728b)  -> (artifact id: 'c8a4a6317d2e130e2ebe8656d73d5265') in 0.026886 seconds
  Import took 0.032287 seconds .

========================================================================
Received Import Request.
  Time since last request: 0.047880 seconds.
  path: Assets/AIScripts/AttributesManager.cs
  artifactKey: Guid(dc7a4aa43dc3cc6498012abcea8d65fc) Importer(815301076,1909f56bfc062723c751e8b465ee728b)
Start importing Assets/AIScripts/AttributesManager.cs using Guid(dc7a4aa43dc3cc6498012abcea8d65fc) Importer(815301076,1909f56bfc062723c751e8b465ee728b)  -> (artifact id: 'c8a4a6317d2e130e2ebe8656d73d5265') in 0.031163 seconds
  Import took 0.039045 seconds .

========================================================================
Received Import Request.
  Time since last request: 2.371005 seconds.
  path: Assets/TestbedScript.cs
  artifactKey: Guid(abcefe58c543f7245b1f2eb01db54fc0) Importer(815301076,1909f56bfc062723c751e8b465ee728b)
Start importing Assets/TestbedScript.cs using Guid(abcefe58c543f7245b1f2eb01db54fc0) Importer(815301076,1909f56bfc062723c751e8b465ee728b)  -> (artifact id: '52258a715145ec6aa4bc3a718b3122ea') in 0.026619 seconds
  Import took 0.031020 seconds .

========================================================================
Received Prepare
Registering precompiled user dll's ...
Registered in 0.001961 seconds.
Begin MonoManager ReloadAssembly
Native extension for WindowsStandalone target not found
Native extension for WebGL target not found
Refreshing native plugins compatible for Editor in 0.60 ms, found 0 plugins.
Preloading 0 native plugins for Editor in 0.00 ms.
Mono: successfully reloaded assembly
- Completed reload, in  2.139 seconds
Platform modules already initialized, skipping
Refreshing native plugins compatible for Editor in 0.61 ms, found 0 plugins.
Preloading 0 native plugins for Editor in 0.00 ms.
Unloading 1116 Unused Serialized files (Serialized files now loaded: 0)
System memory in use before: 57.1 MB.
System memory in use after: 57.2 MB.

Unloading 4 unused Assets to reduce memory usage. Loaded Objects now: 1567.
Total: 5.024100 ms (FindLiveObjects: 0.485600 ms CreateObjectMapping: 0.160300 ms MarkObjects: 4.339500 ms  DeleteObjects: 0.035800 ms)

========================================================================
Received Prepare
Registering precompiled user dll's ...
Registered in 0.001987 seconds.
Begin MonoManager ReloadAssembly
Native extension for WindowsStandalone target not found
Native extension for WebGL target not found
Refreshing native plugins compatible for Editor in 0.61 ms, found 0 plugins.
Preloading 0 native plugins for Editor in 0.00 ms.
Mono: successfully reloaded assembly
- Completed reload, in  2.246 seconds
Platform modules already initialized, skipping
Refreshing native plugins compatible for Editor in 1.26 ms, found 0 plugins.
Preloading 0 native plugins for Editor in 0.00 ms.
Unloading 1116 Unused Serialized files (Serialized files now loaded: 0)
System memory in use before: 57.1 MB.
System memory in use after: 57.2 MB.

Unloading 4 unused Assets to reduce memory usage. Loaded Objects now: 1570.
Total: 5.958800 ms (FindLiveObjects: 1.134500 ms CreateObjectMapping: 0.173900 ms MarkObjects: 4.542300 ms  DeleteObjects: 0.103500 ms)

========================================================================
Received Prepare
Registering precompiled user dll's ...
Registered in 0.002096 seconds.
Begin MonoManager ReloadAssembly
Native extension for WindowsStandalone target not found
Native extension for WebGL target not found
Refreshing native plugins compatible for Editor in 0.74 ms, found 0 plugins.
Preloading 0 native plugins for Editor in 0.00 ms.
Mono: successfully reloaded assembly
- Completed reload, in  2.191 seconds
Platform modules already initialized, skipping
Refreshing native plugins compatible for Editor in 0.60 ms, found 0 plugins.
Preloading 0 native plugins for Editor in 0.00 ms.
Unloading 1116 Unused Serialized files (Serialized files now loaded: 0)
System memory in use before: 57.1 MB.
System memory in use after: 57.2 MB.

Unloading 4 unused Assets to reduce memory usage. Loaded Objects now: 1573.
Total: 3.662500 ms (FindLiveObjects: 0.446700 ms CreateObjectMapping: 0.092100 ms MarkObjects: 3.087600 ms  DeleteObjects: 0.034000 ms)

========================================================================
Received Prepare
Registering precompiled user dll's ...
Registered in 0.001937 seconds.
Begin MonoManager ReloadAssembly
Native extension for WindowsStandalone target not found
Native extension for WebGL target not found
Refreshing native plugins compatible for Editor in 0.63 ms, found 0 plugins.
Preloading 0 native plugins for Editor in 0.00 ms.
Mono: successfully reloaded assembly
- Completed reload, in  3.346 seconds
Platform modules already initialized, skipping
Refreshing native plugins compatible for Editor in 0.62 ms, found 0 plugins.
Preloading 0 native plugins for Editor in 0.00 ms.
Unloading 1116 Unused Serialized files (Serialized files now loaded: 0)
System memory in use before: 57.1 MB.
System memory in use after: 57.2 MB.

Unloading 4 unused Assets to reduce memory usage. Loaded Objects now: 1576.
Total: 3.462500 ms (FindLiveObjects: 0.471200 ms CreateObjectMapping: 0.090800 ms MarkObjects: 2.866900 ms  DeleteObjects: 0.031800 ms)

========================================================================
Received Prepare
Registering precompiled user dll's ...
Registered in 0.002019 seconds.
Begin MonoManager ReloadAssembly
Native extension for WindowsStandalone target not found
Native extension for WebGL target not found
Refreshing native plugins compatible for Editor in 0.59 ms, found 0 plugins.
Preloading 0 native plugins for Editor in 0.00 ms.
Mono: successfully reloaded assembly
- Completed reload, in  2.139 seconds
Platform modules already initialized, skipping
Refreshing native plugins compatible for Editor in 0.59 ms, found 0 plugins.
Preloading 0 native plugins for Editor in 0.00 ms.
Unloading 1116 Unused Serialized files (Serialized files now loaded: 0)
System memory in use before: 57.2 MB.
System memory in use after: 57.2 MB.

Unloading 4 unused Assets to reduce memory usage. Loaded Objects now: 1579.
Total: 4.132500 ms (FindLiveObjects: 0.477700 ms CreateObjectMapping: 0.097000 ms MarkObjects: 3.519300 ms  DeleteObjects: 0.035400 ms)

========================================================================
Received Prepare
Registering precompiled user dll's ...
Registered in 0.002525 seconds.
Begin MonoManager ReloadAssembly
Native extension for WindowsStandalone target not found
Native extension for WebGL target not found
Refreshing native plugins compatible for Editor in 0.61 ms, found 0 plugins.
Preloading 0 native plugins for Editor in 0.00 ms.
Mono: successfully reloaded assembly
- Completed reload, in  2.364 seconds
Platform modules already initialized, skipping
Refreshing native plugins compatible for Editor in 0.58 ms, found 0 plugins.
Preloading 0 native plugins for Editor in 0.00 ms.
Unloading 1116 Unused Serialized files (Serialized files now loaded: 0)
System memory in use before: 57.2 MB.
System memory in use after: 57.3 MB.

Unloading 4 unused Assets to reduce memory usage. Loaded Objects now: 1582.
Total: 4.381000 ms (FindLiveObjects: 0.507400 ms CreateObjectMapping: 0.091200 ms MarkObjects: 3.745900 ms  DeleteObjects: 0.033900 ms)

========================================================================
Received Prepare
Registering precompiled user dll's ...
Registered in 0.003367 seconds.
Begin MonoManager ReloadAssembly
Native extension for WindowsStandalone target not found
Native extension for WebGL target not found
Refreshing native plugins compatible for Editor in 0.59 ms, found 0 plugins.
Preloading 0 native plugins for Editor in 0.00 ms.
Mono: successfully reloaded assembly
- Completed reload, in  2.066 seconds
Platform modules already initialized, skipping
Refreshing native plugins compatible for Editor in 0.64 ms, found 0 plugins.
Preloading 0 native plugins for Editor in 0.00 ms.
Unloading 1116 Unused Serialized files (Serialized files now loaded: 0)
System memory in use before: 57.2 MB.
System memory in use after: 57.3 MB.

Unloading 4 unused Assets to reduce memory usage. Loaded Objects now: 1585.
Total: 3.423900 ms (FindLiveObjects: 0.430100 ms CreateObjectMapping: 0.093900 ms MarkObjects: 2.863300 ms  DeleteObjects: 0.034200 ms)

========================================================================
Received Prepare
Registering precompiled user dll's ...
Registered in 0.002070 seconds.
Begin MonoManager ReloadAssembly
Native extension for WindowsStandalone target not found
Native extension for WebGL target not found
Refreshing native plugins compatible for Editor in 0.64 ms, found 0 plugins.
Preloading 0 native plugins for Editor in 0.00 ms.
Mono: successfully reloaded assembly
- Completed reload, in  2.013 seconds
Platform modules already initialized, skipping
Refreshing native plugins compatible for Editor in 0.60 ms, found 0 plugins.
Preloading 0 native plugins for Editor in 0.00 ms.
Unloading 1116 Unused Serialized files (Serialized files now loaded: 0)
System memory in use before: 57.2 MB.
System memory in use after: 57.3 MB.

Unloading 4 unused Assets to reduce memory usage. Loaded Objects now: 1588.
Total: 3.751100 ms (FindLiveObjects: 0.467000 ms CreateObjectMapping: 0.100400 ms MarkObjects: 3.146600 ms  DeleteObjects: 0.034300 ms)

========================================================================
Received Prepare
Registering precompiled user dll's ...
Registered in 0.002021 seconds.
Begin MonoManager ReloadAssembly
Native extension for WindowsStandalone target not found
Native extension for WebGL target not found
Refreshing native plugins compatible for Editor in 0.66 ms, found 0 plugins.
Preloading 0 native plugins for Editor in 0.00 ms.
Mono: successfully reloaded assembly
- Completed reload, in  2.121 seconds
Platform modules already initialized, skipping
Refreshing native plugins compatible for Editor in 0.67 ms, found 0 plugins.
Preloading 0 native plugins for Editor in 0.00 ms.
Unloading 1116 Unused Serialized files (Serialized files now loaded: 0)
System memory in use before: 57.2 MB.
System memory in use after: 57.3 MB.

Unloading 4 unused Assets to reduce memory usage. Loaded Objects now: 1591.
Total: 3.941500 ms (FindLiveObjects: 0.536000 ms CreateObjectMapping: 0.093200 ms MarkObjects: 3.274400 ms  DeleteObjects: 0.034400 ms)

========================================================================
Received Prepare
Registering precompiled user dll's ...
Registered in 0.002120 seconds.
Begin MonoManager ReloadAssembly
Native extension for WindowsStandalone target not found
Native extension for WebGL target not found
Refreshing native plugins compatible for Editor in 0.59 ms, found 0 plugins.
Preloading 0 native plugins for Editor in 0.00 ms.
Mono: successfully reloaded assembly
- Completed reload, in  2.396 seconds
Platform modules already initialized, skipping
Refreshing native plugins compatible for Editor in 0.62 ms, found 0 plugins.
Preloading 0 native plugins for Editor in 0.00 ms.
Unloading 1116 Unused Serialized files (Serialized files now loaded: 0)
System memory in use before: 57.2 MB.
System memory in use after: 57.3 MB.

Unloading 4 unused Assets to reduce memory usage. Loaded Objects now: 1594.
Total: 3.661300 ms (FindLiveObjects: 0.455900 ms CreateObjectMapping: 0.093800 ms MarkObjects: 3.075900 ms  DeleteObjects: 0.033500 ms)

========================================================================
Received Prepare
Registering precompiled user dll's ...
Registered in 0.001878 seconds.
Begin MonoManager ReloadAssembly
Native extension for WindowsStandalone target not found
Native extension for WebGL target not found
Refreshing native plugins compatible for Editor in 0.61 ms, found 0 plugins.
Preloading 0 native plugins for Editor in 0.00 ms.
Mono: successfully reloaded assembly
- Completed reload, in  2.065 seconds
Platform modules already initialized, skipping
Refreshing native plugins compatible for Editor in 0.65 ms, found 0 plugins.
Preloading 0 native plugins for Editor in 0.00 ms.
Unloading 1116 Unused Serialized files (Serialized files now loaded: 0)
System memory in use before: 57.2 MB.
System memory in use after: 57.3 MB.

Unloading 4 unused Assets to reduce memory usage. Loaded Objects now: 1597.
Total: 3.780700 ms (FindLiveObjects: 0.603000 ms CreateObjectMapping: 0.125500 ms MarkObjects: 3.006800 ms  DeleteObjects: 0.043100 ms)

========================================================================
Received Prepare
Registering precompiled user dll's ...
Registered in 0.002592 seconds.
Begin MonoManager ReloadAssembly
Native extension for WindowsStandalone target not found
Native extension for WebGL target not found
Refreshing native plugins compatible for Editor in 1.00 ms, found 0 plugins.
Preloading 0 native plugins for Editor in 0.00 ms.
Mono: successfully reloaded assembly
- Completed reload, in  2.979 seconds
Platform modules already initialized, skipping
Refreshing native plugins compatible for Editor in 0.81 ms, found 0 plugins.
Preloading 0 native plugins for Editor in 0.00 ms.
Unloading 1116 Unused Serialized files (Serialized files now loaded: 0)
System memory in use before: 57.2 MB.
System memory in use after: 57.3 MB.

Unloading 4 unused Assets to reduce memory usage. Loaded Objects now: 1600.
Total: 3.983900 ms (FindLiveObjects: 0.805900 ms CreateObjectMapping: 0.089600 ms MarkObjects: 3.052600 ms  DeleteObjects: 0.033600 ms)

========================================================================
Received Prepare
Registering precompiled user dll's ...
Registered in 0.002360 seconds.
Begin MonoManager ReloadAssembly
Native extension for WindowsStandalone target not found
Native extension for WebGL target not found
Refreshing native plugins compatible for Editor in 0.61 ms, found 0 plugins.
Preloading 0 native plugins for Editor in 0.00 ms.
Mono: successfully reloaded assembly
- Completed reload, in  2.114 seconds
Platform modules already initialized, skipping
Refreshing native plugins compatible for Editor in 0.60 ms, found 0 plugins.
Preloading 0 native plugins for Editor in 0.00 ms.
Unloading 1116 Unused Serialized files (Serialized files now loaded: 0)
System memory in use before: 57.2 MB.
System memory in use after: 57.3 MB.

Unloading 4 unused Assets to reduce memory usage. Loaded Objects now: 1603.
Total: 4.130000 ms (FindLiveObjects: 0.471600 ms CreateObjectMapping: 0.093300 ms MarkObjects: 3.525200 ms  DeleteObjects: 0.037400 ms)

========================================================================
Received Prepare
Registering precompiled user dll's ...
Registered in 0.001803 seconds.
Begin MonoManager ReloadAssembly
Native extension for WindowsStandalone target not found
Native extension for WebGL target not found
Refreshing native plugins compatible for Editor in 0.62 ms, found 0 plugins.
Preloading 0 native plugins for Editor in 0.00 ms.
Mono: successfully reloaded assembly
- Completed reload, in  1.986 seconds
Platform modules already initialized, skipping
Refreshing native plugins compatible for Editor in 0.63 ms, found 0 plugins.
Preloading 0 native plugins for Editor in 0.00 ms.
Unloading 1116 Unused Serialized files (Serialized files now loaded: 0)
System memory in use before: 57.2 MB.
System memory in use after: 57.3 MB.

Unloading 4 unused Assets to reduce memory usage. Loaded Objects now: 1606.
Total: 5.994200 ms (FindLiveObjects: 0.589000 ms CreateObjectMapping: 0.280700 ms MarkObjects: 5.070500 ms  DeleteObjects: 0.050000 ms)

========================================================================
Received Prepare
Registering precompiled user dll's ...
Registered in 0.002317 seconds.
Begin MonoManager ReloadAssembly
Native extension for WindowsStandalone target not found
Native extension for WebGL target not found
Refreshing native plugins compatible for Editor in 0.58 ms, found 0 plugins.
Preloading 0 native plugins for Editor in 0.00 ms.
Mono: successfully reloaded assembly
- Completed reload, in  1.967 seconds
Platform modules already initialized, skipping
Refreshing native plugins compatible for Editor in 0.68 ms, found 0 plugins.
Preloading 0 native plugins for Editor in 0.00 ms.
Unloading 1116 Unused Serialized files (Serialized files now loaded: 0)
System memory in use before: 57.2 MB.
System memory in use after: 57.3 MB.

Unloading 4 unused Assets to reduce memory usage. Loaded Objects now: 1609.
Total: 4.228200 ms (FindLiveObjects: 0.456700 ms CreateObjectMapping: 0.097000 ms MarkObjects: 3.639900 ms  DeleteObjects: 0.032600 ms)

========================================================================
Received Prepare
Registering precompiled user dll's ...
Registered in 0.003307 seconds.
Begin MonoManager ReloadAssembly
Native extension for WindowsStandalone target not found
Native extension for WebGL target not found
Refreshing native plugins compatible for Editor in 0.62 ms, found 0 plugins.
Preloading 0 native plugins for Editor in 0.00 ms.
Mono: successfully reloaded assembly
- Completed reload, in  2.584 seconds
Platform modules already initialized, skipping
Refreshing native plugins compatible for Editor in 0.82 ms, found 0 plugins.
Preloading 0 native plugins for Editor in 0.00 ms.
Unloading 1116 Unused Serialized files (Serialized files now loaded: 0)
System memory in use before: 57.2 MB.
System memory in use after: 57.3 MB.

Unloading 4 unused Assets to reduce memory usage. Loaded Objects now: 1612.
Total: 5.268900 ms (FindLiveObjects: 0.860000 ms CreateObjectMapping: 0.096000 ms MarkObjects: 4.276800 ms  DeleteObjects: 0.033400 ms)

========================================================================
Received Prepare
Registering precompiled user dll's ...
Registered in 0.002458 seconds.
Begin MonoManager ReloadAssembly
Native extension for WindowsStandalone target not found
Native extension for WebGL target not found
Refreshing native plugins compatible for Editor in 0.63 ms, found 0 plugins.
Preloading 0 native plugins for Editor in 0.00 ms.
Mono: successfully reloaded assembly
- Completed reload, in  1.933 seconds
Platform modules already initialized, skipping
Refreshing native plugins compatible for Editor in 0.95 ms, found 0 plugins.
Preloading 0 native plugins for Editor in 0.00 ms.
Unloading 1116 Unused Serialized files (Serialized files now loaded: 0)
System memory in use before: 57.2 MB.
System memory in use after: 57.3 MB.

Unloading 4 unused Assets to reduce memory usage. Loaded Objects now: 1615.
Total: 7.524000 ms (FindLiveObjects: 0.564500 ms CreateObjectMapping: 0.099400 ms MarkObjects: 6.794000 ms  DeleteObjects: 0.063600 ms)

========================================================================
Received Prepare
Registering precompiled user dll's ...
Registered in 0.002096 seconds.
Begin MonoManager ReloadAssembly
Native extension for WindowsStandalone target not found
Native extension for WebGL target not found
Refreshing native plugins compatible for Editor in 0.66 ms, found 0 plugins.
Preloading 0 native plugins for Editor in 0.00 ms.
Mono: successfully reloaded assembly
- Completed reload, in  2.172 seconds
Platform modules already initialized, skipping
Refreshing native plugins compatible for Editor in 0.77 ms, found 0 plugins.
Preloading 0 native plugins for Editor in 0.00 ms.
Unloading 1116 Unused Serialized files (Serialized files now loaded: 0)
System memory in use before: 57.2 MB.
System memory in use after: 57.3 MB.

Unloading 4 unused Assets to reduce memory usage. Loaded Objects now: 1618.
Total: 21.872500 ms (FindLiveObjects: 0.886900 ms CreateObjectMapping: 1.027100 ms MarkObjects: 19.899200 ms  DeleteObjects: 0.053200 ms)

========================================================================
Received Prepare
Registering precompiled user dll's ...
Registered in 0.001929 seconds.
Begin MonoManager ReloadAssembly
Native extension for WindowsStandalone target not found
Native extension for WebGL target not found
Refreshing native plugins compatible for Editor in 0.82 ms, found 0 plugins.
Preloading 0 native plugins for Editor in 0.00 ms.
Mono: successfully reloaded assembly
- Completed reload, in  2.417 seconds
Platform modules already initialized, skipping
Refreshing native plugins compatible for Editor in 0.62 ms, found 0 plugins.
Preloading 0 native plugins for Editor in 0.00 ms.
Unloading 1116 Unused Serialized files (Serialized files now loaded: 0)
System memory in use before: 57.2 MB.
System memory in use after: 57.3 MB.

Unloading 4 unused Assets to reduce memory usage. Loaded Objects now: 1621.
Total: 4.985300 ms (FindLiveObjects: 0.743400 ms CreateObjectMapping: 0.105100 ms MarkObjects: 4.046300 ms  DeleteObjects: 0.049100 ms)

========================================================================
Received Prepare
Registering precompiled user dll's ...
Registered in 0.001989 seconds.
Begin MonoManager ReloadAssembly
Native extension for WindowsStandalone target not found
Native extension for WebGL target not found
Refreshing native plugins compatible for Editor in 0.60 ms, found 0 plugins.
Preloading 0 native plugins for Editor in 0.00 ms.
Mono: successfully reloaded assembly
- Completed reload, in  3.095 seconds
Platform modules already initialized, skipping
Refreshing native plugins compatible for Editor in 0.58 ms, found 0 plugins.
Preloading 0 native plugins for Editor in 0.00 ms.
Unloading 1116 Unused Serialized files (Serialized files now loaded: 0)
System memory in use before: 57.2 MB.
System memory in use after: 57.3 MB.

Unloading 4 unused Assets to reduce memory usage. Loaded Objects now: 1624.
Total: 4.307500 ms (FindLiveObjects: 0.439700 ms CreateObjectMapping: 0.096900 ms MarkObjects: 3.728100 ms  DeleteObjects: 0.040200 ms)

========================================================================
Received Prepare
Registering precompiled user dll's ...
Registered in 0.005699 seconds.
Begin MonoManager ReloadAssembly
Native extension for WindowsStandalone target not found
Native extension for WebGL target not found
Refreshing native plugins compatible for Editor in 1.00 ms, found 0 plugins.
Preloading 0 native plugins for Editor in 0.00 ms.
Mono: successfully reloaded assembly
- Completed reload, in  2.891 seconds
Platform modules already initialized, skipping
Refreshing native plugins compatible for Editor in 0.62 ms, found 0 plugins.
Preloading 0 native plugins for Editor in 0.00 ms.
Unloading 1116 Unused Serialized files (Serialized files now loaded: 0)
System memory in use before: 57.2 MB.
System memory in use after: 57.3 MB.

Unloading 4 unused Assets to reduce memory usage. Loaded Objects now: 1627.
Total: 7.142500 ms (FindLiveObjects: 2.586400 ms CreateObjectMapping: 0.218300 ms MarkObjects: 4.287000 ms  DeleteObjects: 0.045100 ms)

========================================================================
Received Prepare
Registering precompiled user dll's ...
Registered in 0.002056 seconds.
Begin MonoManager ReloadAssembly
Native extension for WindowsStandalone target not found
Native extension for WebGL target not found
Refreshing native plugins compatible for Editor in 0.59 ms, found 0 plugins.
Preloading 0 native plugins for Editor in 0.00 ms.
Mono: successfully reloaded assembly
- Completed reload, in  1.957 seconds
Platform modules already initialized, skipping
Refreshing native plugins compatible for Editor in 0.64 ms, found 0 plugins.
Preloading 0 native plugins for Editor in 0.00 ms.
Unloading 1116 Unused Serialized files (Serialized files now loaded: 0)
System memory in use before: 57.2 MB.
System memory in use after: 57.3 MB.

Unloading 4 unused Assets to reduce memory usage. Loaded Objects now: 1630.
Total: 4.623400 ms (FindLiveObjects: 0.500800 ms CreateObjectMapping: 0.099600 ms MarkObjects: 3.979100 ms  DeleteObjects: 0.040500 ms)

========================================================================
Received Prepare
Registering precompiled user dll's ...
Registered in 0.001912 seconds.
Begin MonoManager ReloadAssembly
Native extension for WindowsStandalone target not found
Native extension for WebGL target not found
Refreshing native plugins compatible for Editor in 0.70 ms, found 0 plugins.
Preloading 0 native plugins for Editor in 0.00 ms.
Mono: successfully reloaded assembly
- Completed reload, in  2.157 seconds
Platform modules already initialized, skipping
Refreshing native plugins compatible for Editor in 0.60 ms, found 0 plugins.
Preloading 0 native plugins for Editor in 0.00 ms.
Unloading 1116 Unused Serialized files (Serialized files now loaded: 0)
System memory in use before: 57.3 MB.
System memory in use after: 57.3 MB.

Unloading 4 unused Assets to reduce memory usage. Loaded Objects now: 1633.
Total: 4.022500 ms (FindLiveObjects: 0.593800 ms CreateObjectMapping: 0.130400 ms MarkObjects: 3.261000 ms  DeleteObjects: 0.033300 ms)

========================================================================
Received Prepare
Registering precompiled user dll's ...
Registered in 0.002451 seconds.
Begin MonoManager ReloadAssembly
Native extension for WindowsStandalone target not found
Native extension for WebGL target not found
Refreshing native plugins compatible for Editor in 0.61 ms, found 0 plugins.
Preloading 0 native plugins for Editor in 0.00 ms.
Mono: successfully reloaded assembly
- Completed reload, in  2.082 seconds
Platform modules already initialized, skipping
Refreshing native plugins compatible for Editor in 0.61 ms, found 0 plugins.
Preloading 0 native plugins for Editor in 0.00 ms.
Unloading 1116 Unused Serialized files (Serialized files now loaded: 0)
System memory in use before: 57.3 MB.
System memory in use after: 57.3 MB.

Unloading 4 unused Assets to reduce memory usage. Loaded Objects now: 1636.
Total: 3.824700 ms (FindLiveObjects: 0.779700 ms CreateObjectMapping: 0.142900 ms MarkObjects: 2.868300 ms  DeleteObjects: 0.031200 ms)

========================================================================
Received Prepare
Registering precompiled user dll's ...
Registered in 0.002689 seconds.
Begin MonoManager ReloadAssembly
Native extension for WindowsStandalone target not found
Native extension for WebGL target not found
Refreshing native plugins compatible for Editor in 0.62 ms, found 0 plugins.
Preloading 0 native plugins for Editor in 0.00 ms.
Mono: successfully reloaded assembly
- Completed reload, in  2.350 seconds
Platform modules already initialized, skipping
Refreshing native plugins compatible for Editor in 0.76 ms, found 0 plugins.
Preloading 0 native plugins for Editor in 0.00 ms.
Unloading 1116 Unused Serialized files (Serialized files now loaded: 0)
System memory in use before: 57.3 MB.
System memory in use after: 57.4 MB.

Unloading 4 unused Assets to reduce memory usage. Loaded Objects now: 1639.
Total: 4.039700 ms (FindLiveObjects: 0.494900 ms CreateObjectMapping: 0.088000 ms MarkObjects: 3.422400 ms  DeleteObjects: 0.031200 ms)

========================================================================
Received Prepare
Registering precompiled user dll's ...
Registered in 0.002206 seconds.
Begin MonoManager ReloadAssembly
Native extension for WindowsStandalone target not found
Native extension for WebGL target not found
Refreshing native plugins compatible for Editor in 0.61 ms, found 0 plugins.
Preloading 0 native plugins for Editor in 0.00 ms.
Mono: successfully reloaded assembly
- Completed reload, in  2.037 seconds
Platform modules already initialized, skipping
Refreshing native plugins compatible for Editor in 0.59 ms, found 0 plugins.
Preloading 0 native plugins for Editor in 0.00 ms.
Unloading 1116 Unused Serialized files (Serialized files now loaded: 0)
System memory in use before: 57.3 MB.
System memory in use after: 57.4 MB.

Unloading 4 unused Assets to reduce memory usage. Loaded Objects now: 1642.
Total: 3.484100 ms (FindLiveObjects: 0.476800 ms CreateObjectMapping: 0.094000 ms MarkObjects: 2.877700 ms  DeleteObjects: 0.032900 ms)

========================================================================
Received Prepare
Registering precompiled user dll's ...
Registered in 0.004250 seconds.
Begin MonoManager ReloadAssembly
Native extension for WindowsStandalone target not found
Native extension for WebGL target not found
Refreshing native plugins compatible for Editor in 0.76 ms, found 0 plugins.
Preloading 0 native plugins for Editor in 0.00 ms.
Mono: successfully reloaded assembly
- Completed reload, in  2.975 seconds
Platform modules already initialized, skipping
Refreshing native plugins compatible for Editor in 1.36 ms, found 0 plugins.
Preloading 0 native plugins for Editor in 0.00 ms.
Unloading 1117 Unused Serialized files (Serialized files now loaded: 0)
System memory in use before: 57.3 MB.
System memory in use after: 57.4 MB.

Unloading 4 unused Assets to reduce memory usage. Loaded Objects now: 1646.
Total: 4.420500 ms (FindLiveObjects: 0.640300 ms CreateObjectMapping: 0.219900 ms MarkObjects: 3.515100 ms  DeleteObjects: 0.042300 ms)

========================================================================
Received Prepare
Registering precompiled user dll's ...
Registered in 0.002177 seconds.
Begin MonoManager ReloadAssembly
Native extension for WindowsStandalone target not found
Native extension for WebGL target not found
Refreshing native plugins compatible for Editor in 0.66 ms, found 0 plugins.
Preloading 0 native plugins for Editor in 0.00 ms.
Mono: successfully reloaded assembly
- Completed reload, in  2.243 seconds
Platform modules already initialized, skipping
Refreshing native plugins compatible for Editor in 0.59 ms, found 0 plugins.
Preloading 0 native plugins for Editor in 0.00 ms.
Unloading 1117 Unused Serialized files (Serialized files now loaded: 0)
System memory in use before: 57.3 MB.
System memory in use after: 57.4 MB.

Unloading 4 unused Assets to reduce memory usage. Loaded Objects now: 1650.
Total: 3.460400 ms (FindLiveObjects: 0.478400 ms CreateObjectMapping: 0.097900 ms MarkObjects: 2.850500 ms  DeleteObjects: 0.031300 ms)

========================================================================
Received Prepare
Registering precompiled user dll's ...
Registered in 0.001858 seconds.
Begin MonoManager ReloadAssembly
Native extension for WindowsStandalone target not found
Native extension for WebGL target not found
Refreshing native plugins compatible for Editor in 0.61 ms, found 0 plugins.
Preloading 0 native plugins for Editor in 0.00 ms.
Mono: successfully reloaded assembly
- Completed reload, in  1.936 seconds
Platform modules already initialized, skipping
Refreshing native plugins compatible for Editor in 0.60 ms, found 0 plugins.
Preloading 0 native plugins for Editor in 0.00 ms.
Unloading 1117 Unused Serialized files (Serialized files now loaded: 0)
System memory in use before: 57.3 MB.
System memory in use after: 57.4 MB.

Unloading 4 unused Assets to reduce memory usage. Loaded Objects now: 1653.
Total: 3.784300 ms (FindLiveObjects: 0.488000 ms CreateObjectMapping: 0.090600 ms MarkObjects: 3.176500 ms  DeleteObjects: 0.026400 ms)

========================================================================
Received Prepare
Registering precompiled user dll's ...
Registered in 0.002239 seconds.
Begin MonoManager ReloadAssembly
Native extension for WindowsStandalone target not found
Native extension for WebGL target not found
Refreshing native plugins compatible for Editor in 0.60 ms, found 0 plugins.
Preloading 0 native plugins for Editor in 0.00 ms.
Mono: successfully reloaded assembly
- Completed reload, in  1.912 seconds
Platform modules already initialized, skipping
Refreshing native plugins compatible for Editor in 0.58 ms, found 0 plugins.
Preloading 0 native plugins for Editor in 0.00 ms.
Unloading 1117 Unused Serialized files (Serialized files now loaded: 0)
System memory in use before: 57.3 MB.
System memory in use after: 57.4 MB.

Unloading 4 unused Assets to reduce memory usage. Loaded Objects now: 1656.
Total: 3.640100 ms (FindLiveObjects: 0.490000 ms CreateObjectMapping: 0.086000 ms MarkObjects: 3.021800 ms  DeleteObjects: 0.040100 ms)

AssetImportWorkerClient::OnTransportError - code=2 error=End of file
